<?xml version="1.0" encoding="UTF-8"?>
<!-- Generated by org.testng.reporters.JUnitReportReporter -->
<testsuite skipped="19" hostname="ST-RA-WIN10-VM" name="tests.FourthPhase" tests="20" failures="0" timestamp="05 Apr 2023 10:04:30 GMT" time="201.850" errors="1">
  <testcase name="Test11_CP0001_copy_English_char_from_PC_paste_inConnection" time="0.000" classname="tests.FourthPhase">
    <skipped/>
  </testcase> <!-- Test11_CP0001_copy_English_char_from_PC_paste_inConnection -->
  <testcase name="Test07_LoginRA_by_VIP_of_cluster" time="0.000" classname="tests.FourthPhase">
    <skipped/>
  </testcase> <!-- Test07_LoginRA_by_VIP_of_cluster -->
  <testcase name="login" time="201.850" classname="tests.FourthPhase">
    <error type="org.openqa.selenium.NoSuchSessionException" message="Tried to run command without establishing a connection
Build info: version: &#039;3.141.59&#039;, revision: &#039;e82be7d358&#039;, time: &#039;2018-11-14T08:17:03&#039;
System info: host: &#039;ST-RA-WIN10-VM&#039;, ip: &#039;10.211.132.23&#039;, os.name: &#039;Windows 10&#039;, os.arch: &#039;amd64&#039;, os.version: &#039;10.0&#039;, java.version: &#039;1.8.0_301&#039;
Driver info: org.openqa.selenium.firefox.FirefoxDriver
Capabilities {acceptInsecureCerts: true, browserName: firefox, browserVersion: 72.0.2, javascriptEnabled: true, moz:accessibilityChecks: false, moz:buildID: 20200117190643, moz:geckodriverVersion: 0.31.0, moz:headless: false, moz:processID: 7100, moz:profile: C:\Users\blackbox\AppData\L..., moz:shutdownTimeout: 60000, moz:useNonSpecCompliantPointerOrigin: false, moz:webdriverClick: true, pageLoadStrategy: normal, platform: WINDOWS, platformName: WINDOWS, platformVersion: 10.0, rotatable: false, setWindowRect: true, strictFileInteractability: false, timeouts: {implicit: 0, pageLoad: 300000, script: 30000}, unhandledPromptBehavior: dismiss and notify}
Session ID: 0a3e9154-ed90-4c3f-8066-c99ae09a5679">
      <![CDATA[org.openqa.selenium.NoSuchSessionException: Tried to run command without establishing a connection
Build info: version: '3.141.59', revision: 'e82be7d358', time: '2018-11-14T08:17:03'
System info: host: 'ST-RA-WIN10-VM', ip: '10.211.132.23', os.name: 'Windows 10', os.arch: 'amd64', os.version: '10.0', java.version: '1.8.0_301'
Driver info: org.openqa.selenium.firefox.FirefoxDriver
Capabilities {acceptInsecureCerts: true, browserName: firefox, browserVersion: 72.0.2, javascriptEnabled: true, moz:accessibilityChecks: false, moz:buildID: 20200117190643, moz:geckodriverVersion: 0.31.0, moz:headless: false, moz:processID: 7100, moz:profile: C:\Users\blackbox\AppData\L..., moz:shutdownTimeout: 60000, moz:useNonSpecCompliantPointerOrigin: false, moz:webdriverClick: true, pageLoadStrategy: normal, platform: WINDOWS, platformName: WINDOWS, platformVersion: 10.0, rotatable: false, setWindowRect: true, strictFileInteractability: false, timeouts: {implicit: 0, pageLoad: 300000, script: 30000}, unhandledPromptBehavior: dismiss and notify}
Session ID: 0a3e9154-ed90-4c3f-8066-c99ae09a5679
	at sun.reflect.NativeConstructorAccessorImpl.newInstance0(Native Method)
	at sun.reflect.NativeConstructorAccessorImpl.newInstance(NativeConstructorAccessorImpl.java:62)
	at sun.reflect.DelegatingConstructorAccessorImpl.newInstance(DelegatingConstructorAccessorImpl.java:45)
	at java.lang.reflect.Constructor.newInstance(Constructor.java:423)
	at org.openqa.selenium.remote.http.W3CHttpResponseCodec.createException(W3CHttpResponseCodec.java:187)
	at org.openqa.selenium.remote.http.W3CHttpResponseCodec.decode(W3CHttpResponseCodec.java:122)
	at org.openqa.selenium.remote.http.W3CHttpResponseCodec.decode(W3CHttpResponseCodec.java:49)
	at org.openqa.selenium.remote.HttpCommandExecutor.execute(HttpCommandExecutor.java:158)
	at org.openqa.selenium.remote.service.DriverCommandExecutor.execute(DriverCommandExecutor.java:83)
	at org.openqa.selenium.remote.RemoteWebDriver.execute(RemoteWebDriver.java:552)
	at org.openqa.selenium.remote.RemoteWebDriver.execute(RemoteWebDriver.java:609)
	at org.openqa.selenium.remote.RemoteWebDriver.quit(RemoteWebDriver.java:452)
	at tests.TestBase.cleanUpLogout(TestBase.java:523)
	at tests.TestBase.login(TestBase.java:179)
	at sun.reflect.NativeMethodAccessorImpl.invoke0(Native Method)
	at sun.reflect.NativeMethodAccessorImpl.invoke(NativeMethodAccessorImpl.java:62)
	at sun.reflect.DelegatingMethodAccessorImpl.invoke(DelegatingMethodAccessorImpl.java:43)
	at java.lang.reflect.Method.invoke(Method.java:498)
	at org.testng.internal.MethodInvocationHelper.invokeMethod(MethodInvocationHelper.java:108)
	at org.testng.internal.Invoker.invokeConfigurationMethod(Invoker.java:523)
	at org.testng.internal.Invoker.invokeConfigurations(Invoker.java:224)
	at org.testng.internal.Invoker.invokeConfigurations(Invoker.java:146)
	at org.testng.SuiteRunner.privateRun(SuiteRunner.java:326)
	at org.testng.SuiteRunner.run(SuiteRunner.java:289)
	at org.testng.SuiteRunnerWorker.runSuite(SuiteRunnerWorker.java:52)
	at org.testng.SuiteRunnerWorker.run(SuiteRunnerWorker.java:86)
	at org.testng.TestNG.runSuitesSequentially(TestNG.java:1301)
	at org.testng.TestNG.runSuitesLocally(TestNG.java:1226)
	at org.testng.TestNG.runSuites(TestNG.java:1144)
	at org.testng.TestNG.run(TestNG.java:1115)
	at org.testng.remote.AbstractRemoteTestNG.run(AbstractRemoteTestNG.java:132)
	at org.testng.remote.RemoteTestNG.initAndRun(RemoteTestNG.java:230)
	at org.testng.remote.RemoteTestNG.main(RemoteTestNG.java:76)
]]>
    </error>
  </testcase> <!-- login -->
  <testcase name="Test01_SR0039_Launch_VM_con_with_ADuser" time="0.000" classname="tests.FourthPhase">
    <skipped/>
  </testcase> <!-- Test01_SR0039_Launch_VM_con_with_ADuser -->
  <testcase name="Test02_AI0073_Mouse_movement_on_multiple_connections" time="0.000" classname="tests.FourthPhase">
    <skipped/>
  </testcase> <!-- Test02_AI0073_Mouse_movement_on_multiple_connections -->
  <testcase name="Test03_AI0061_RA_login_with_DemoMode" time="0.000" classname="tests.FourthPhase">
    <skipped/>
  </testcase> <!-- Test03_AI0061_RA_login_with_DemoMode -->
  <testcase name="Test04_SR0019_Connection_launch_in_3sec" time="0.000" classname="tests.FourthPhase">
    <skipped/>
  </testcase> <!-- Test04_SR0019_Connection_launch_in_3sec -->
  <testcase name="Test06_CNTL_ALT_END_should_work_for_transmitter" time="0.000" classname="tests.FourthPhase">
    <skipped/>
  </testcase> <!-- Test06_CNTL_ALT_END_should_work_for_transmitter -->
  <testcase name="Test08_IO0002_4k_optimised_shared_connection_launch" time="0.000" classname="tests.FourthPhase">
    <skipped/>
  </testcase> <!-- Test08_IO0002_4k_optimised_shared_connection_launch -->
  <testcase name="Test09_IO0001_4k_optimised_private_connection_launch" time="0.000" classname="tests.FourthPhase">
    <skipped/>
  </testcase> <!-- Test09_IO0001_4k_optimised_private_connection_launch -->
  <testcase name="Test10_AI0002_Verifying_BlackBox_logo_inRA" time="0.000" classname="tests.FourthPhase">
    <skipped/>
  </testcase> <!-- Test10_AI0002_Verifying_BlackBox_logo_inRA -->
  <testcase name="Test12_CP0005_copy_ASCII_from_PC_paste_inConnection" time="0.000" classname="tests.FourthPhase">
    <skipped/>
  </testcase> <!-- Test12_CP0005_copy_ASCII_from_PC_paste_inConnection -->
  <testcase name="Test13_CP0001_Data_Notcopied_from_one_connection_to_another" time="0.000" classname="tests.FourthPhase">
    <skipped/>
  </testcase> <!-- Test13_CP0001_Data_Notcopied_from_one_connection_to_another -->
  <testcase name="Test14_CP0006_max_copy_255_Char_from_PC_paste_inConnection" time="0.000" classname="tests.FourthPhase">
    <skipped/>
  </testcase> <!-- Test14_CP0006_max_copy_255_Char_from_PC_paste_inConnection -->
  <testcase name="Test15_CP00013_VM_should_allow_more_than_255_characters" time="0.000" classname="tests.FourthPhase">
    <skipped/>
  </testcase> <!-- Test15_CP00013_VM_should_allow_more_than_255_characters -->
  <testcase name="Test16_SR0044_CNTL_ALT_DEL_should_work_for_Local_PC" time="0.000" classname="tests.FourthPhase">
    <skipped/>
  </testcase> <!-- Test16_SR0044_CNTL_ALT_DEL_should_work_for_Local_PC -->
  <testcase name="Test17_PE_SH_Performance_Check_FPS_DF_Mbps" time="0.000" classname="tests.FourthPhase">
    <skipped/>
  </testcase> <!-- Test17_PE_SH_Performance_Check_FPS_DF_Mbps -->
  <testcase name="Test18_SE_SH_Performance_Check_FPS_DF_Mbps" time="0.000" classname="tests.FourthPhase">
    <skipped/>
  </testcase> <!-- Test18_SE_SH_Performance_Check_FPS_DF_Mbps -->
  <testcase name="Test19__Statusinfo_of_connection_after_rebooting_Tx" time="0.000" classname="tests.FourthPhase">
    <skipped/>
  </testcase> <!-- Test19__Statusinfo_of_connection_after_rebooting_Tx -->
  <testcase name="Test05_SR0020a_Concurrent_9connections_by_RA" time="0.000" classname="tests.FourthPhase">
    <skipped/>
  </testcase> <!-- Test05_SR0020a_Concurrent_9connections_by_RA -->
</testsuite> <!-- tests.FourthPhase -->
