<?xml version="1.0" encoding="UTF-8"?>
<testng-results skipped="0" failed="7" ignored="0" total="14" passed="7">
  <reporter-output>
    <line>
      <![CDATA[<div style=padding-top: 15px; padding: 10px;'><h2 style='padding: 4px 0;'>NBR statistics</h2><table style='width:100%;'><tr style='background-color: #07a54a;color: white;'><th>API Path</th><th>Runs</th><th>Min Response time</th><th>Max response time</th><th>Average Response</th></tr><table><div/>]]>
    </line>
  </reporter-output>
  <suite name="Default suite" duration-ms="4299969" started-at="2023-04-14T12:20:40Z" finished-at="2023-04-14T13:32:20Z">
    <groups>
    </groups>
    <test name="Default test" duration-ms="4299969" started-at="2023-04-14T12:20:40Z" finished-at="2023-04-14T13:32:20Z">
      <class name="tests.FifthPhase">
        <test-method status="PASS" signature="login()[pri:0, instance:tests.FifthPhase@74650e52]" name="login" is-config="true" duration-ms="54859" started-at="2023-04-14T13:19:45Z" finished-at="2023-04-14T13:20:40Z">
          <reporter-output>
          </reporter-output>
        </test-method> <!-- login -->
        <test-method status="PASS" signature="DeleteConnection()[pri:0, instance:tests.FifthPhase@74650e52]" name="DeleteConnection" is-config="true" duration-ms="4662" started-at="2023-04-14T13:20:40Z" finished-at="2023-04-14T13:20:44Z">
          <reporter-output>
          </reporter-output>
        </test-method> <!-- DeleteConnection -->
        <test-method status="FAIL" signature="Test01_CLI0001_and_CLI0002_Tx_SharedConnection_launch_and_Terminate_by_CLI()[pri:1, instance:tests.FifthPhase@74650e52]" name="Test01_CLI0001_and_CLI0002_Tx_SharedConnection_launch_and_Terminate_by_CLI" duration-ms="317416" started-at="2023-04-14T13:20:44Z" finished-at="2023-04-14T13:26:02Z">
          <exception class="org.openqa.selenium.NoSuchElementException">
            <message>
              <![CDATA[Unable to locate element: .//button[@id='dropdownKebab']
For documentation on this error, please visit: https://www.seleniumhq.org/exceptions/no_such_element.html
Build info: version: '3.141.59', revision: 'e82be7d358', time: '2018-11-14T08:17:03'
System info: host: 'ST-RA-WIN10-VM', ip: '10.211.132.23', os.name: 'Windows 10', os.arch: 'amd64', os.version: '10.0', java.version: '1.8.0_301'
Driver info: org.openqa.selenium.firefox.FirefoxDriver
Capabilities {acceptInsecureCerts: true, browserName: firefox, browserVersion: 72.0.2, javascriptEnabled: true, moz:accessibilityChecks: false, moz:buildID: 20200117190643, moz:geckodriverVersion: 0.31.0, moz:headless: false, moz:processID: 3088, moz:profile: C:\Users\blackbox\AppData\L..., moz:shutdownTimeout: 60000, moz:useNonSpecCompliantPointerOrigin: false, moz:webdriverClick: true, pageLoadStrategy: normal, platform: WINDOWS, platformName: WINDOWS, platformVersion: 10.0, rotatable: false, setWindowRect: true, strictFileInteractability: false, timeouts: {implicit: 0, pageLoad: 300000, script: 30000}, unhandledPromptBehavior: dismiss and notify}
Session ID: 2634a099-54cc-47dc-ba29-61fc7bd854a6
*** Element info: {Using=xpath, value=.//button[@id='dropdownKebab']}]]>
            </message>
            <full-stacktrace>
              <![CDATA[org.openqa.selenium.NoSuchElementException: Unable to locate element: .//button[@id='dropdownKebab']
For documentation on this error, please visit: https://www.seleniumhq.org/exceptions/no_such_element.html
Build info: version: '3.141.59', revision: 'e82be7d358', time: '2018-11-14T08:17:03'
System info: host: 'ST-RA-WIN10-VM', ip: '10.211.132.23', os.name: 'Windows 10', os.arch: 'amd64', os.version: '10.0', java.version: '1.8.0_301'
Driver info: org.openqa.selenium.firefox.FirefoxDriver
Capabilities {acceptInsecureCerts: true, browserName: firefox, browserVersion: 72.0.2, javascriptEnabled: true, moz:accessibilityChecks: false, moz:buildID: 20200117190643, moz:geckodriverVersion: 0.31.0, moz:headless: false, moz:processID: 3088, moz:profile: C:\Users\blackbox\AppData\L..., moz:shutdownTimeout: 60000, moz:useNonSpecCompliantPointerOrigin: false, moz:webdriverClick: true, pageLoadStrategy: normal, platform: WINDOWS, platformName: WINDOWS, platformVersion: 10.0, rotatable: false, setWindowRect: true, strictFileInteractability: false, timeouts: {implicit: 0, pageLoad: 300000, script: 30000}, unhandledPromptBehavior: dismiss and notify}
Session ID: 2634a099-54cc-47dc-ba29-61fc7bd854a6
*** Element info: {Using=xpath, value=.//button[@id='dropdownKebab']}
	at sun.reflect.NativeConstructorAccessorImpl.newInstance0(Native Method)
	at sun.reflect.NativeConstructorAccessorImpl.newInstance(NativeConstructorAccessorImpl.java:62)
	at sun.reflect.DelegatingConstructorAccessorImpl.newInstance(DelegatingConstructorAccessorImpl.java:45)
	at java.lang.reflect.Constructor.newInstance(Constructor.java:423)
	at org.openqa.selenium.remote.http.W3CHttpResponseCodec.createException(W3CHttpResponseCodec.java:187)
	at org.openqa.selenium.remote.http.W3CHttpResponseCodec.decode(W3CHttpResponseCodec.java:122)
	at org.openqa.selenium.remote.http.W3CHttpResponseCodec.decode(W3CHttpResponseCodec.java:49)
	at org.openqa.selenium.remote.HttpCommandExecutor.execute(HttpCommandExecutor.java:158)
	at org.openqa.selenium.remote.service.DriverCommandExecutor.execute(DriverCommandExecutor.java:83)
	at org.openqa.selenium.remote.RemoteWebDriver.execute(RemoteWebDriver.java:552)
	at org.openqa.selenium.remote.RemoteWebDriver.findElement(RemoteWebDriver.java:323)
	at org.openqa.selenium.remote.RemoteWebDriver.findElementByXPath(RemoteWebDriver.java:428)
	at org.openqa.selenium.By$ByXPath.findElement(By.java:353)
	at org.openqa.selenium.remote.RemoteWebDriver.findElement(RemoteWebDriver.java:315)
	at pages.UserPage.optionbutton(UserPage.java:118)
	at pages.UserPage.DeleteUser(UserPage.java:314)
	at tests.FifthPhase.Test01_CLI0001_and_CLI0002_Tx_SharedConnection_launch_and_Terminate_by_CLI(FifthPhase.java:102)
	at sun.reflect.NativeMethodAccessorImpl.invoke0(Native Method)
	at sun.reflect.NativeMethodAccessorImpl.invoke(NativeMethodAccessorImpl.java:62)
	at sun.reflect.DelegatingMethodAccessorImpl.invoke(DelegatingMethodAccessorImpl.java:43)
	at java.lang.reflect.Method.invoke(Method.java:498)
	at org.testng.internal.MethodInvocationHelper.invokeMethod(MethodInvocationHelper.java:108)
	at org.testng.internal.Invoker.invokeMethod(Invoker.java:661)
	at org.testng.internal.Invoker.invokeTestMethod(Invoker.java:869)
	at org.testng.internal.Invoker.invokeTestMethods(Invoker.java:1193)
	at org.testng.internal.TestMethodWorker.invokeTestMethods(TestMethodWorker.java:126)
	at org.testng.internal.TestMethodWorker.run(TestMethodWorker.java:109)
	at org.testng.TestRunner.privateRun(TestRunner.java:744)
	at org.testng.TestRunner.run(TestRunner.java:602)
	at org.testng.SuiteRunner.runTest(SuiteRunner.java:380)
	at org.testng.SuiteRunner.runSequentially(SuiteRunner.java:375)
	at org.testng.SuiteRunner.privateRun(SuiteRunner.java:340)
	at org.testng.SuiteRunner.run(SuiteRunner.java:289)
	at org.testng.SuiteRunnerWorker.runSuite(SuiteRunnerWorker.java:52)
	at org.testng.SuiteRunnerWorker.run(SuiteRunnerWorker.java:86)
	at org.testng.TestNG.runSuitesSequentially(TestNG.java:1301)
	at org.testng.TestNG.runSuitesLocally(TestNG.java:1226)
	at org.testng.TestNG.runSuites(TestNG.java:1144)
	at org.testng.TestNG.run(TestNG.java:1115)
	at org.testng.remote.AbstractRemoteTestNG.run(AbstractRemoteTestNG.java:132)
	at org.testng.remote.RemoteTestNG.initAndRun(RemoteTestNG.java:230)
	at org.testng.remote.RemoteTestNG.main(RemoteTestNG.java:76)
]]>
            </full-stacktrace>
          </exception> <!-- org.openqa.selenium.NoSuchElementException -->
          <reporter-output>
          </reporter-output>
        </test-method> <!-- Test01_CLI0001_and_CLI0002_Tx_SharedConnection_launch_and_Terminate_by_CLI -->
        <test-method status="PASS" signature="logout(org.testng.ITestResult)[pri:0, instance:tests.FifthPhase@74650e52]" name="logout" is-config="true" duration-ms="1579" started-at="2023-04-14T13:26:02Z" finished-at="2023-04-14T13:26:03Z">
          <params>
            <param index="0">
              <value>
                <![CDATA[[TestResult name=Test01_CLI0001_and_CLI0002_Tx_SharedConnection_launch_and_Terminate_by_CLI status=FAILURE method=FifthPhase.Test01_CLI0001_and_CLI0002_Tx_SharedConnection_launch_and_Terminate_by_CLI()[pri:1, instance:tests.FifthPhase@74650e52] output={null}]]]>
              </value>
            </param>
          </params>
          <reporter-output>
          </reporter-output>
        </test-method> <!-- logout -->
        <test-method status="PASS" signature="DeleteConnection()[pri:0, instance:tests.FifthPhase@74650e52]" name="DeleteConnection" is-config="true" duration-ms="1905" started-at="2023-04-14T13:26:03Z" finished-at="2023-04-14T13:26:05Z">
          <reporter-output>
          </reporter-output>
        </test-method> <!-- DeleteConnection -->
        <test-method status="FAIL" signature="Test02_CLI0001_and_CLI0002_Tx_PrivateConnection_launch_and_Terminate_by_CLI()[pri:2, instance:tests.FifthPhase@74650e52]" name="Test02_CLI0001_and_CLI0002_Tx_PrivateConnection_launch_and_Terminate_by_CLI" duration-ms="323531" started-at="2023-04-14T13:26:05Z" finished-at="2023-04-14T13:31:29Z">
          <exception class="org.openqa.selenium.NoSuchElementException">
            <message>
              <![CDATA[Unable to locate element: .//button[@id='dropdownKebab']
For documentation on this error, please visit: https://www.seleniumhq.org/exceptions/no_such_element.html
Build info: version: '3.141.59', revision: 'e82be7d358', time: '2018-11-14T08:17:03'
System info: host: 'ST-RA-WIN10-VM', ip: '10.211.132.23', os.name: 'Windows 10', os.arch: 'amd64', os.version: '10.0', java.version: '1.8.0_301'
Driver info: org.openqa.selenium.firefox.FirefoxDriver
Capabilities {acceptInsecureCerts: true, browserName: firefox, browserVersion: 72.0.2, javascriptEnabled: true, moz:accessibilityChecks: false, moz:buildID: 20200117190643, moz:geckodriverVersion: 0.31.0, moz:headless: false, moz:processID: 15692, moz:profile: C:\Users\blackbox\AppData\L..., moz:shutdownTimeout: 60000, moz:useNonSpecCompliantPointerOrigin: false, moz:webdriverClick: true, pageLoadStrategy: normal, platform: WINDOWS, platformName: WINDOWS, platformVersion: 10.0, rotatable: false, setWindowRect: true, strictFileInteractability: false, timeouts: {implicit: 0, pageLoad: 300000, script: 30000}, unhandledPromptBehavior: dismiss and notify}
Session ID: c31c2151-8d14-4855-a43e-630e3c508b80
*** Element info: {Using=xpath, value=.//button[@id='dropdownKebab']}]]>
            </message>
            <full-stacktrace>
              <![CDATA[org.openqa.selenium.NoSuchElementException: Unable to locate element: .//button[@id='dropdownKebab']
For documentation on this error, please visit: https://www.seleniumhq.org/exceptions/no_such_element.html
Build info: version: '3.141.59', revision: 'e82be7d358', time: '2018-11-14T08:17:03'
System info: host: 'ST-RA-WIN10-VM', ip: '10.211.132.23', os.name: 'Windows 10', os.arch: 'amd64', os.version: '10.0', java.version: '1.8.0_301'
Driver info: org.openqa.selenium.firefox.FirefoxDriver
Capabilities {acceptInsecureCerts: true, browserName: firefox, browserVersion: 72.0.2, javascriptEnabled: true, moz:accessibilityChecks: false, moz:buildID: 20200117190643, moz:geckodriverVersion: 0.31.0, moz:headless: false, moz:processID: 15692, moz:profile: C:\Users\blackbox\AppData\L..., moz:shutdownTimeout: 60000, moz:useNonSpecCompliantPointerOrigin: false, moz:webdriverClick: true, pageLoadStrategy: normal, platform: WINDOWS, platformName: WINDOWS, platformVersion: 10.0, rotatable: false, setWindowRect: true, strictFileInteractability: false, timeouts: {implicit: 0, pageLoad: 300000, script: 30000}, unhandledPromptBehavior: dismiss and notify}
Session ID: c31c2151-8d14-4855-a43e-630e3c508b80
*** Element info: {Using=xpath, value=.//button[@id='dropdownKebab']}
	at sun.reflect.NativeConstructorAccessorImpl.newInstance0(Native Method)
	at sun.reflect.NativeConstructorAccessorImpl.newInstance(NativeConstructorAccessorImpl.java:62)
	at sun.reflect.DelegatingConstructorAccessorImpl.newInstance(DelegatingConstructorAccessorImpl.java:45)
	at java.lang.reflect.Constructor.newInstance(Constructor.java:423)
	at org.openqa.selenium.remote.http.W3CHttpResponseCodec.createException(W3CHttpResponseCodec.java:187)
	at org.openqa.selenium.remote.http.W3CHttpResponseCodec.decode(W3CHttpResponseCodec.java:122)
	at org.openqa.selenium.remote.http.W3CHttpResponseCodec.decode(W3CHttpResponseCodec.java:49)
	at org.openqa.selenium.remote.HttpCommandExecutor.execute(HttpCommandExecutor.java:158)
	at org.openqa.selenium.remote.service.DriverCommandExecutor.execute(DriverCommandExecutor.java:83)
	at org.openqa.selenium.remote.RemoteWebDriver.execute(RemoteWebDriver.java:552)
	at org.openqa.selenium.remote.RemoteWebDriver.findElement(RemoteWebDriver.java:323)
	at org.openqa.selenium.remote.RemoteWebDriver.findElementByXPath(RemoteWebDriver.java:428)
	at org.openqa.selenium.By$ByXPath.findElement(By.java:353)
	at org.openqa.selenium.remote.RemoteWebDriver.findElement(RemoteWebDriver.java:315)
	at pages.UserPage.optionbutton(UserPage.java:118)
	at pages.UserPage.DeleteUser(UserPage.java:314)
	at tests.FifthPhase.Test02_CLI0001_and_CLI0002_Tx_PrivateConnection_launch_and_Terminate_by_CLI(FifthPhase.java:145)
	at sun.reflect.NativeMethodAccessorImpl.invoke0(Native Method)
	at sun.reflect.NativeMethodAccessorImpl.invoke(NativeMethodAccessorImpl.java:62)
	at sun.reflect.DelegatingMethodAccessorImpl.invoke(DelegatingMethodAccessorImpl.java:43)
	at java.lang.reflect.Method.invoke(Method.java:498)
	at org.testng.internal.MethodInvocationHelper.invokeMethod(MethodInvocationHelper.java:108)
	at org.testng.internal.Invoker.invokeMethod(Invoker.java:661)
	at org.testng.internal.Invoker.invokeTestMethod(Invoker.java:869)
	at org.testng.internal.Invoker.invokeTestMethods(Invoker.java:1193)
	at org.testng.internal.TestMethodWorker.invokeTestMethods(TestMethodWorker.java:126)
	at org.testng.internal.TestMethodWorker.run(TestMethodWorker.java:109)
	at org.testng.TestRunner.privateRun(TestRunner.java:744)
	at org.testng.TestRunner.run(TestRunner.java:602)
	at org.testng.SuiteRunner.runTest(SuiteRunner.java:380)
	at org.testng.SuiteRunner.runSequentially(SuiteRunner.java:375)
	at org.testng.SuiteRunner.privateRun(SuiteRunner.java:340)
	at org.testng.SuiteRunner.run(SuiteRunner.java:289)
	at org.testng.SuiteRunnerWorker.runSuite(SuiteRunnerWorker.java:52)
	at org.testng.SuiteRunnerWorker.run(SuiteRunnerWorker.java:86)
	at org.testng.TestNG.runSuitesSequentially(TestNG.java:1301)
	at org.testng.TestNG.runSuitesLocally(TestNG.java:1226)
	at org.testng.TestNG.runSuites(TestNG.java:1144)
	at org.testng.TestNG.run(TestNG.java:1115)
	at org.testng.remote.AbstractRemoteTestNG.run(AbstractRemoteTestNG.java:132)
	at org.testng.remote.RemoteTestNG.initAndRun(RemoteTestNG.java:230)
	at org.testng.remote.RemoteTestNG.main(RemoteTestNG.java:76)
]]>
            </full-stacktrace>
          </exception> <!-- org.openqa.selenium.NoSuchElementException -->
          <reporter-output>
          </reporter-output>
        </test-method> <!-- Test02_CLI0001_and_CLI0002_Tx_PrivateConnection_launch_and_Terminate_by_CLI -->
        <test-method status="PASS" signature="logout(org.testng.ITestResult)[pri:0, instance:tests.FifthPhase@74650e52]" name="logout" is-config="true" duration-ms="1734" started-at="2023-04-14T13:31:29Z" finished-at="2023-04-14T13:31:30Z">
          <params>
            <param index="0">
              <value>
                <![CDATA[[TestResult name=Test02_CLI0001_and_CLI0002_Tx_PrivateConnection_launch_and_Terminate_by_CLI status=FAILURE method=FifthPhase.Test02_CLI0001_and_CLI0002_Tx_PrivateConnection_launch_and_Terminate_by_CLI()[pri:2, instance:tests.FifthPhase@74650e52] output={null}]]]>
              </value>
            </param>
          </params>
          <reporter-output>
          </reporter-output>
        </test-method> <!-- logout -->
        <test-method status="PASS" signature="DeleteConnection()[pri:0, instance:tests.FifthPhase@74650e52]" name="DeleteConnection" is-config="true" duration-ms="2968" started-at="2023-04-14T13:31:30Z" finished-at="2023-04-14T13:31:33Z">
          <reporter-output>
          </reporter-output>
        </test-method> <!-- DeleteConnection -->
        <test-method status="FAIL" signature="Test03_CLI0001_and_CLI0002_VM_Connection_launch_and_Terminate_by_CLI()[pri:3, instance:tests.FifthPhase@74650e52]" name="Test03_CLI0001_and_CLI0002_VM_Connection_launch_and_Terminate_by_CLI" duration-ms="321609" started-at="2023-04-14T13:31:33Z" finished-at="2023-04-14T13:36:55Z">
          <exception class="org.openqa.selenium.NoSuchElementException">
            <message>
              <![CDATA[Unable to locate element: .//button[@id='dropdownKebab']
For documentation on this error, please visit: https://www.seleniumhq.org/exceptions/no_such_element.html
Build info: version: '3.141.59', revision: 'e82be7d358', time: '2018-11-14T08:17:03'
System info: host: 'ST-RA-WIN10-VM', ip: '10.211.132.23', os.name: 'Windows 10', os.arch: 'amd64', os.version: '10.0', java.version: '1.8.0_301'
Driver info: org.openqa.selenium.firefox.FirefoxDriver
Capabilities {acceptInsecureCerts: true, browserName: firefox, browserVersion: 72.0.2, javascriptEnabled: true, moz:accessibilityChecks: false, moz:buildID: 20200117190643, moz:geckodriverVersion: 0.31.0, moz:headless: false, moz:processID: 10044, moz:profile: C:\Users\blackbox\AppData\L..., moz:shutdownTimeout: 60000, moz:useNonSpecCompliantPointerOrigin: false, moz:webdriverClick: true, pageLoadStrategy: normal, platform: WINDOWS, platformName: WINDOWS, platformVersion: 10.0, rotatable: false, setWindowRect: true, strictFileInteractability: false, timeouts: {implicit: 0, pageLoad: 300000, script: 30000}, unhandledPromptBehavior: dismiss and notify}
Session ID: eb16378e-ebec-49ca-90fb-885d66602f43
*** Element info: {Using=xpath, value=.//button[@id='dropdownKebab']}]]>
            </message>
            <full-stacktrace>
              <![CDATA[org.openqa.selenium.NoSuchElementException: Unable to locate element: .//button[@id='dropdownKebab']
For documentation on this error, please visit: https://www.seleniumhq.org/exceptions/no_such_element.html
Build info: version: '3.141.59', revision: 'e82be7d358', time: '2018-11-14T08:17:03'
System info: host: 'ST-RA-WIN10-VM', ip: '10.211.132.23', os.name: 'Windows 10', os.arch: 'amd64', os.version: '10.0', java.version: '1.8.0_301'
Driver info: org.openqa.selenium.firefox.FirefoxDriver
Capabilities {acceptInsecureCerts: true, browserName: firefox, browserVersion: 72.0.2, javascriptEnabled: true, moz:accessibilityChecks: false, moz:buildID: 20200117190643, moz:geckodriverVersion: 0.31.0, moz:headless: false, moz:processID: 10044, moz:profile: C:\Users\blackbox\AppData\L..., moz:shutdownTimeout: 60000, moz:useNonSpecCompliantPointerOrigin: false, moz:webdriverClick: true, pageLoadStrategy: normal, platform: WINDOWS, platformName: WINDOWS, platformVersion: 10.0, rotatable: false, setWindowRect: true, strictFileInteractability: false, timeouts: {implicit: 0, pageLoad: 300000, script: 30000}, unhandledPromptBehavior: dismiss and notify}
Session ID: eb16378e-ebec-49ca-90fb-885d66602f43
*** Element info: {Using=xpath, value=.//button[@id='dropdownKebab']}
	at sun.reflect.NativeConstructorAccessorImpl.newInstance0(Native Method)
	at sun.reflect.NativeConstructorAccessorImpl.newInstance(NativeConstructorAccessorImpl.java:62)
	at sun.reflect.DelegatingConstructorAccessorImpl.newInstance(DelegatingConstructorAccessorImpl.java:45)
	at java.lang.reflect.Constructor.newInstance(Constructor.java:423)
	at org.openqa.selenium.remote.http.W3CHttpResponseCodec.createException(W3CHttpResponseCodec.java:187)
	at org.openqa.selenium.remote.http.W3CHttpResponseCodec.decode(W3CHttpResponseCodec.java:122)
	at org.openqa.selenium.remote.http.W3CHttpResponseCodec.decode(W3CHttpResponseCodec.java:49)
	at org.openqa.selenium.remote.HttpCommandExecutor.execute(HttpCommandExecutor.java:158)
	at org.openqa.selenium.remote.service.DriverCommandExecutor.execute(DriverCommandExecutor.java:83)
	at org.openqa.selenium.remote.RemoteWebDriver.execute(RemoteWebDriver.java:552)
	at org.openqa.selenium.remote.RemoteWebDriver.findElement(RemoteWebDriver.java:323)
	at org.openqa.selenium.remote.RemoteWebDriver.findElementByXPath(RemoteWebDriver.java:428)
	at org.openqa.selenium.By$ByXPath.findElement(By.java:353)
	at org.openqa.selenium.remote.RemoteWebDriver.findElement(RemoteWebDriver.java:315)
	at pages.UserPage.optionbutton(UserPage.java:118)
	at pages.UserPage.DeleteUser(UserPage.java:314)
	at tests.FifthPhase.Test03_CLI0001_and_CLI0002_VM_Connection_launch_and_Terminate_by_CLI(FifthPhase.java:183)
	at sun.reflect.NativeMethodAccessorImpl.invoke0(Native Method)
	at sun.reflect.NativeMethodAccessorImpl.invoke(NativeMethodAccessorImpl.java:62)
	at sun.reflect.DelegatingMethodAccessorImpl.invoke(DelegatingMethodAccessorImpl.java:43)
	at java.lang.reflect.Method.invoke(Method.java:498)
	at org.testng.internal.MethodInvocationHelper.invokeMethod(MethodInvocationHelper.java:108)
	at org.testng.internal.Invoker.invokeMethod(Invoker.java:661)
	at org.testng.internal.Invoker.invokeTestMethod(Invoker.java:869)
	at org.testng.internal.Invoker.invokeTestMethods(Invoker.java:1193)
	at org.testng.internal.TestMethodWorker.invokeTestMethods(TestMethodWorker.java:126)
	at org.testng.internal.TestMethodWorker.run(TestMethodWorker.java:109)
	at org.testng.TestRunner.privateRun(TestRunner.java:744)
	at org.testng.TestRunner.run(TestRunner.java:602)
	at org.testng.SuiteRunner.runTest(SuiteRunner.java:380)
	at org.testng.SuiteRunner.runSequentially(SuiteRunner.java:375)
	at org.testng.SuiteRunner.privateRun(SuiteRunner.java:340)
	at org.testng.SuiteRunner.run(SuiteRunner.java:289)
	at org.testng.SuiteRunnerWorker.runSuite(SuiteRunnerWorker.java:52)
	at org.testng.SuiteRunnerWorker.run(SuiteRunnerWorker.java:86)
	at org.testng.TestNG.runSuitesSequentially(TestNG.java:1301)
	at org.testng.TestNG.runSuitesLocally(TestNG.java:1226)
	at org.testng.TestNG.runSuites(TestNG.java:1144)
	at org.testng.TestNG.run(TestNG.java:1115)
	at org.testng.remote.AbstractRemoteTestNG.run(AbstractRemoteTestNG.java:132)
	at org.testng.remote.RemoteTestNG.initAndRun(RemoteTestNG.java:230)
	at org.testng.remote.RemoteTestNG.main(RemoteTestNG.java:76)
]]>
            </full-stacktrace>
          </exception> <!-- org.openqa.selenium.NoSuchElementException -->
          <reporter-output>
          </reporter-output>
        </test-method> <!-- Test03_CLI0001_and_CLI0002_VM_Connection_launch_and_Terminate_by_CLI -->
        <test-method status="PASS" signature="logout(org.testng.ITestResult)[pri:0, instance:tests.FifthPhase@74650e52]" name="logout" is-config="true" duration-ms="1578" started-at="2023-04-14T13:36:55Z" finished-at="2023-04-14T13:36:57Z">
          <params>
            <param index="0">
              <value>
                <![CDATA[[TestResult name=Test03_CLI0001_and_CLI0002_VM_Connection_launch_and_Terminate_by_CLI status=FAILURE method=FifthPhase.Test03_CLI0001_and_CLI0002_VM_Connection_launch_and_Terminate_by_CLI()[pri:3, instance:tests.FifthPhase@74650e52] output={null}]]]>
              </value>
            </param>
          </params>
          <reporter-output>
          </reporter-output>
        </test-method> <!-- logout -->
        <test-method status="PASS" signature="DeleteConnection()[pri:0, instance:tests.FifthPhase@74650e52]" name="DeleteConnection" is-config="true" duration-ms="1968" started-at="2023-04-14T13:36:57Z" finished-at="2023-04-14T13:36:59Z">
          <reporter-output>
          </reporter-output>
        </test-method> <!-- DeleteConnection -->
        <test-method status="PASS" signature="Test04_CLI0001_and_CLI0002_Viewonly_Tx_Connection_launch_and_Terminate_by_CLI()[pri:4, instance:tests.FifthPhase@74650e52]" name="Test04_CLI0001_and_CLI0002_Viewonly_Tx_Connection_launch_and_Terminate_by_CLI" duration-ms="284016" started-at="2023-04-14T13:36:59Z" finished-at="2023-04-14T13:41:43Z">
          <reporter-output>
          </reporter-output>
        </test-method> <!-- Test04_CLI0001_and_CLI0002_Viewonly_Tx_Connection_launch_and_Terminate_by_CLI -->
        <test-method status="PASS" signature="logout(org.testng.ITestResult)[pri:0, instance:tests.FifthPhase@74650e52]" name="logout" is-config="true" duration-ms="11" started-at="2023-04-14T13:41:43Z" finished-at="2023-04-14T13:41:43Z">
          <params>
            <param index="0">
              <value>
                <![CDATA[[TestResult name=Test04_CLI0001_and_CLI0002_Viewonly_Tx_Connection_launch_and_Terminate_by_CLI status=SUCCESS method=FifthPhase.Test04_CLI0001_and_CLI0002_Viewonly_Tx_Connection_launch_and_Terminate_by_CLI()[pri:4, instance:tests.FifthPhase@74650e52] output={null}]]]>
              </value>
            </param>
          </params>
          <reporter-output>
          </reporter-output>
        </test-method> <!-- logout -->
        <test-method status="PASS" signature="DeleteConnection()[pri:0, instance:tests.FifthPhase@74650e52]" name="DeleteConnection" is-config="true" duration-ms="1910" started-at="2023-04-14T13:41:43Z" finished-at="2023-04-14T13:41:45Z">
          <reporter-output>
          </reporter-output>
        </test-method> <!-- DeleteConnection -->
        <test-method status="FAIL" signature="Test05_CLI0003_Validate_Connection_with_invalid_Boxilla_IP()[pri:5, instance:tests.FifthPhase@74650e52]" name="Test05_CLI0003_Validate_Connection_with_invalid_Boxilla_IP" duration-ms="161015" started-at="2023-04-14T13:41:45Z" finished-at="2023-04-14T13:44:26Z">
          <exception class="java.lang.AssertionError">
            <message>
              <![CDATA[null]]>
            </message>
            <full-stacktrace>
              <![CDATA[java.lang.AssertionError: null
	at org.testng.Assert.fail(Assert.java:93)
	at org.testng.Assert.fail(Assert.java:100)
	at tests.FifthPhase.Test05_CLI0003_Validate_Connection_with_invalid_Boxilla_IP(FifthPhase.java:256)
	at sun.reflect.NativeMethodAccessorImpl.invoke0(Native Method)
	at sun.reflect.NativeMethodAccessorImpl.invoke(NativeMethodAccessorImpl.java:62)
	at sun.reflect.DelegatingMethodAccessorImpl.invoke(DelegatingMethodAccessorImpl.java:43)
	at java.lang.reflect.Method.invoke(Method.java:498)
	at org.testng.internal.MethodInvocationHelper.invokeMethod(MethodInvocationHelper.java:108)
	at org.testng.internal.Invoker.invokeMethod(Invoker.java:661)
	at org.testng.internal.Invoker.invokeTestMethod(Invoker.java:869)
	at org.testng.internal.Invoker.invokeTestMethods(Invoker.java:1193)
	at org.testng.internal.TestMethodWorker.invokeTestMethods(TestMethodWorker.java:126)
	at org.testng.internal.TestMethodWorker.run(TestMethodWorker.java:109)
	at org.testng.TestRunner.privateRun(TestRunner.java:744)
	at org.testng.TestRunner.run(TestRunner.java:602)
	at org.testng.SuiteRunner.runTest(SuiteRunner.java:380)
	at org.testng.SuiteRunner.runSequentially(SuiteRunner.java:375)
	at org.testng.SuiteRunner.privateRun(SuiteRunner.java:340)
	at org.testng.SuiteRunner.run(SuiteRunner.java:289)
	at org.testng.SuiteRunnerWorker.runSuite(SuiteRunnerWorker.java:52)
	at org.testng.SuiteRunnerWorker.run(SuiteRunnerWorker.java:86)
	at org.testng.TestNG.runSuitesSequentially(TestNG.java:1301)
	at org.testng.TestNG.runSuitesLocally(TestNG.java:1226)
	at org.testng.TestNG.runSuites(TestNG.java:1144)
	at org.testng.TestNG.run(TestNG.java:1115)
	at org.testng.remote.AbstractRemoteTestNG.run(AbstractRemoteTestNG.java:132)
	at org.testng.remote.RemoteTestNG.initAndRun(RemoteTestNG.java:230)
	at org.testng.remote.RemoteTestNG.main(RemoteTestNG.java:76)
]]>
            </full-stacktrace>
          </exception> <!-- java.lang.AssertionError -->
          <reporter-output>
          </reporter-output>
        </test-method> <!-- Test05_CLI0003_Validate_Connection_with_invalid_Boxilla_IP -->
        <test-method status="PASS" signature="logout(org.testng.ITestResult)[pri:0, instance:tests.FifthPhase@74650e52]" name="logout" is-config="true" duration-ms="4" started-at="2023-04-14T13:44:26Z" finished-at="2023-04-14T13:44:26Z">
          <params>
            <param index="0">
              <value>
                <![CDATA[[TestResult name=Test05_CLI0003_Validate_Connection_with_invalid_Boxilla_IP status=FAILURE method=FifthPhase.Test05_CLI0003_Validate_Connection_with_invalid_Boxilla_IP()[pri:5, instance:tests.FifthPhase@74650e52] output={null}]]]>
              </value>
            </param>
          </params>
          <reporter-output>
          </reporter-output>
        </test-method> <!-- logout -->
        <test-method status="PASS" signature="DeleteConnection()[pri:0, instance:tests.FifthPhase@74650e52]" name="DeleteConnection" is-config="true" duration-ms="1981" started-at="2023-04-14T13:44:26Z" finished-at="2023-04-14T13:44:28Z">
          <reporter-output>
          </reporter-output>
        </test-method> <!-- DeleteConnection -->
        <test-method status="PASS" signature="Test06_CLI0003_Validate_Connection_with_invalid_username()[pri:6, instance:tests.FifthPhase@74650e52]" name="Test06_CLI0003_Validate_Connection_with_invalid_username" duration-ms="276578" started-at="2023-04-14T13:44:28Z" finished-at="2023-04-14T13:49:04Z">
          <reporter-output>
          </reporter-output>
        </test-method> <!-- Test06_CLI0003_Validate_Connection_with_invalid_username -->
        <test-method status="PASS" signature="logout(org.testng.ITestResult)[pri:0, instance:tests.FifthPhase@74650e52]" name="logout" is-config="true" duration-ms="0" started-at="2023-04-14T13:49:04Z" finished-at="2023-04-14T13:49:04Z">
          <params>
            <param index="0">
              <value>
                <![CDATA[[TestResult name=Test06_CLI0003_Validate_Connection_with_invalid_username status=SUCCESS method=FifthPhase.Test06_CLI0003_Validate_Connection_with_invalid_username()[pri:6, instance:tests.FifthPhase@74650e52] output={null}]]]>
              </value>
            </param>
          </params>
          <reporter-output>
          </reporter-output>
        </test-method> <!-- logout -->
        <test-method status="PASS" signature="DeleteConnection()[pri:0, instance:tests.FifthPhase@74650e52]" name="DeleteConnection" is-config="true" duration-ms="1920" started-at="2023-04-14T13:49:04Z" finished-at="2023-04-14T13:49:06Z">
          <reporter-output>
          </reporter-output>
        </test-method> <!-- DeleteConnection -->
        <test-method status="PASS" signature="Test07_CLI0003_Validate_Connection_with_invalid_password()[pri:7, instance:tests.FifthPhase@74650e52]" name="Test07_CLI0003_Validate_Connection_with_invalid_password" duration-ms="282562" started-at="2023-04-14T13:49:06Z" finished-at="2023-04-14T13:53:49Z">
          <reporter-output>
          </reporter-output>
        </test-method> <!-- Test07_CLI0003_Validate_Connection_with_invalid_password -->
        <test-method status="PASS" signature="logout(org.testng.ITestResult)[pri:0, instance:tests.FifthPhase@74650e52]" name="logout" is-config="true" duration-ms="0" started-at="2023-04-14T13:53:49Z" finished-at="2023-04-14T13:53:49Z">
          <params>
            <param index="0">
              <value>
                <![CDATA[[TestResult name=Test07_CLI0003_Validate_Connection_with_invalid_password status=SUCCESS method=FifthPhase.Test07_CLI0003_Validate_Connection_with_invalid_password()[pri:7, instance:tests.FifthPhase@74650e52] output={null}]]]>
              </value>
            </param>
          </params>
          <reporter-output>
          </reporter-output>
        </test-method> <!-- logout -->
        <test-method status="PASS" signature="DeleteConnection()[pri:0, instance:tests.FifthPhase@74650e52]" name="DeleteConnection" is-config="true" duration-ms="1875" started-at="2023-04-14T13:53:49Z" finished-at="2023-04-14T13:53:50Z">
          <reporter-output>
          </reporter-output>
        </test-method> <!-- DeleteConnection -->
        <test-method status="FAIL" signature="Test08_CLI0003_Validate_Connection_with_Not_Assigned_Connection()[pri:8, instance:tests.FifthPhase@74650e52]" name="Test08_CLI0003_Validate_Connection_with_Not_Assigned_Connection" duration-ms="210282" started-at="2023-04-14T13:53:50Z" finished-at="2023-04-14T13:57:21Z">
          <exception class="java.lang.AssertionError">
            <message>
              <![CDATA[Connection Shouldn't Launch but Launched ]]>
            </message>
            <full-stacktrace>
              <![CDATA[java.lang.AssertionError: Connection Shouldn't Launch but Launched 
	at org.testng.Assert.fail(Assert.java:93)
	at methods.RA_Methods.EncryptRAsetup(RA_Methods.java:852)
	at tests.FifthPhase.Test08_CLI0003_Validate_Connection_with_Not_Assigned_Connection(FifthPhase.java:349)
	at sun.reflect.NativeMethodAccessorImpl.invoke0(Native Method)
	at sun.reflect.NativeMethodAccessorImpl.invoke(NativeMethodAccessorImpl.java:62)
	at sun.reflect.DelegatingMethodAccessorImpl.invoke(DelegatingMethodAccessorImpl.java:43)
	at java.lang.reflect.Method.invoke(Method.java:498)
	at org.testng.internal.MethodInvocationHelper.invokeMethod(MethodInvocationHelper.java:108)
	at org.testng.internal.Invoker.invokeMethod(Invoker.java:661)
	at org.testng.internal.Invoker.invokeTestMethod(Invoker.java:869)
	at org.testng.internal.Invoker.invokeTestMethods(Invoker.java:1193)
	at org.testng.internal.TestMethodWorker.invokeTestMethods(TestMethodWorker.java:126)
	at org.testng.internal.TestMethodWorker.run(TestMethodWorker.java:109)
	at org.testng.TestRunner.privateRun(TestRunner.java:744)
	at org.testng.TestRunner.run(TestRunner.java:602)
	at org.testng.SuiteRunner.runTest(SuiteRunner.java:380)
	at org.testng.SuiteRunner.runSequentially(SuiteRunner.java:375)
	at org.testng.SuiteRunner.privateRun(SuiteRunner.java:340)
	at org.testng.SuiteRunner.run(SuiteRunner.java:289)
	at org.testng.SuiteRunnerWorker.runSuite(SuiteRunnerWorker.java:52)
	at org.testng.SuiteRunnerWorker.run(SuiteRunnerWorker.java:86)
	at org.testng.TestNG.runSuitesSequentially(TestNG.java:1301)
	at org.testng.TestNG.runSuitesLocally(TestNG.java:1226)
	at org.testng.TestNG.runSuites(TestNG.java:1144)
	at org.testng.TestNG.run(TestNG.java:1115)
	at org.testng.remote.AbstractRemoteTestNG.run(AbstractRemoteTestNG.java:132)
	at org.testng.remote.RemoteTestNG.initAndRun(RemoteTestNG.java:230)
	at org.testng.remote.RemoteTestNG.main(RemoteTestNG.java:76)
]]>
            </full-stacktrace>
          </exception> <!-- java.lang.AssertionError -->
          <reporter-output>
          </reporter-output>
        </test-method> <!-- Test08_CLI0003_Validate_Connection_with_Not_Assigned_Connection -->
        <test-method status="PASS" signature="logout(org.testng.ITestResult)[pri:0, instance:tests.FifthPhase@74650e52]" name="logout" is-config="true" duration-ms="1" started-at="2023-04-14T13:57:21Z" finished-at="2023-04-14T13:57:21Z">
          <params>
            <param index="0">
              <value>
                <![CDATA[[TestResult name=Test08_CLI0003_Validate_Connection_with_Not_Assigned_Connection status=FAILURE method=FifthPhase.Test08_CLI0003_Validate_Connection_with_Not_Assigned_Connection()[pri:8, instance:tests.FifthPhase@74650e52] output={null}]]]>
              </value>
            </param>
          </params>
          <reporter-output>
          </reporter-output>
        </test-method> <!-- logout -->
        <test-method status="PASS" signature="DeleteConnection()[pri:0, instance:tests.FifthPhase@74650e52]" name="DeleteConnection" is-config="true" duration-ms="2020" started-at="2023-04-14T13:57:21Z" finished-at="2023-04-14T13:57:23Z">
          <reporter-output>
          </reporter-output>
        </test-method> <!-- DeleteConnection -->
        <test-method status="PASS" signature="Test09_CLI0003_Validate_Connection_with_existing_Private_Connection()[pri:9, instance:tests.FifthPhase@74650e52]" name="Test09_CLI0003_Validate_Connection_with_existing_Private_Connection" duration-ms="346000" started-at="2023-04-14T13:57:23Z" finished-at="2023-04-14T14:03:09Z">
          <reporter-output>
          </reporter-output>
        </test-method> <!-- Test09_CLI0003_Validate_Connection_with_existing_Private_Connection -->
        <test-method status="PASS" signature="DeleteConnection()[pri:0, instance:tests.FifthPhase@74650e52]" name="DeleteConnection" is-config="true" duration-ms="2000" started-at="2023-04-14T14:03:09Z" finished-at="2023-04-14T14:03:11Z">
          <reporter-output>
          </reporter-output>
        </test-method> <!-- DeleteConnection -->
        <test-method status="PASS" signature="logout(org.testng.ITestResult)[pri:0, instance:tests.FifthPhase@74650e52]" name="logout" is-config="true" duration-ms="0" started-at="2023-04-14T14:03:09Z" finished-at="2023-04-14T14:03:09Z">
          <params>
            <param index="0">
              <value>
                <![CDATA[[TestResult name=Test09_CLI0003_Validate_Connection_with_existing_Private_Connection status=SUCCESS method=FifthPhase.Test09_CLI0003_Validate_Connection_with_existing_Private_Connection()[pri:9, instance:tests.FifthPhase@74650e52] output={null}]]]>
              </value>
            </param>
          </params>
          <reporter-output>
          </reporter-output>
        </test-method> <!-- logout -->
        <test-method status="PASS" signature="Test10_CLI0003_Validate_Connection_by_sending_same_Command()[pri:10, instance:tests.FifthPhase@74650e52]" name="Test10_CLI0003_Validate_Connection_by_sending_same_Command" duration-ms="218750" started-at="2023-04-14T14:03:11Z" finished-at="2023-04-14T14:06:50Z">
          <reporter-output>
          </reporter-output>
        </test-method> <!-- Test10_CLI0003_Validate_Connection_by_sending_same_Command -->
        <test-method status="PASS" signature="logout(org.testng.ITestResult)[pri:0, instance:tests.FifthPhase@74650e52]" name="logout" is-config="true" duration-ms="0" started-at="2023-04-14T14:06:50Z" finished-at="2023-04-14T14:06:50Z">
          <params>
            <param index="0">
              <value>
                <![CDATA[[TestResult name=Test10_CLI0003_Validate_Connection_by_sending_same_Command status=SUCCESS method=FifthPhase.Test10_CLI0003_Validate_Connection_by_sending_same_Command()[pri:10, instance:tests.FifthPhase@74650e52] output={null}]]]>
              </value>
            </param>
          </params>
          <reporter-output>
          </reporter-output>
        </test-method> <!-- logout -->
        <test-method status="PASS" signature="DeleteConnection()[pri:0, instance:tests.FifthPhase@74650e52]" name="DeleteConnection" is-config="true" duration-ms="1921" started-at="2023-04-14T14:06:50Z" finished-at="2023-04-14T14:06:51Z">
          <reporter-output>
          </reporter-output>
        </test-method> <!-- DeleteConnection -->
        <test-method status="PASS" signature="Test12_CLI0004_Reboot_Tx_during_Active_Connection()[pri:12, instance:tests.FifthPhase@74650e52]" name="Test12_CLI0004_Reboot_Tx_during_Active_Connection" duration-ms="348968" started-at="2023-04-14T14:06:51Z" finished-at="2023-04-14T14:12:40Z">
          <reporter-output>
          </reporter-output>
        </test-method> <!-- Test12_CLI0004_Reboot_Tx_during_Active_Connection -->
        <test-method status="PASS" signature="logout(org.testng.ITestResult)[pri:0, instance:tests.FifthPhase@74650e52]" name="logout" is-config="true" duration-ms="0" started-at="2023-04-14T14:12:40Z" finished-at="2023-04-14T14:12:40Z">
          <params>
            <param index="0">
              <value>
                <![CDATA[[TestResult name=Test12_CLI0004_Reboot_Tx_during_Active_Connection status=SUCCESS method=FifthPhase.Test12_CLI0004_Reboot_Tx_during_Active_Connection()[pri:12, instance:tests.FifthPhase@74650e52] output={null}]]]>
              </value>
            </param>
          </params>
          <reporter-output>
          </reporter-output>
        </test-method> <!-- logout -->
        <test-method status="PASS" signature="DeleteConnection()[pri:0, instance:tests.FifthPhase@74650e52]" name="DeleteConnection" is-config="true" duration-ms="1998" started-at="2023-04-14T14:12:40Z" finished-at="2023-04-14T14:12:42Z">
          <reporter-output>
          </reporter-output>
        </test-method> <!-- DeleteConnection -->
        <test-method status="PASS" signature="Test13_RA_shouldnot_store_User_info()[pri:13, instance:tests.FifthPhase@74650e52]" name="Test13_RA_shouldnot_store_User_info" duration-ms="429937" started-at="2023-04-14T14:12:42Z" finished-at="2023-04-14T14:19:52Z">
          <reporter-output>
          </reporter-output>
        </test-method> <!-- Test13_RA_shouldnot_store_User_info -->
        <test-method status="PASS" signature="logout(org.testng.ITestResult)[pri:0, instance:tests.FifthPhase@74650e52]" name="logout" is-config="true" duration-ms="0" started-at="2023-04-14T14:19:52Z" finished-at="2023-04-14T14:19:52Z">
          <params>
            <param index="0">
              <value>
                <![CDATA[[TestResult name=Test13_RA_shouldnot_store_User_info status=SUCCESS method=FifthPhase.Test13_RA_shouldnot_store_User_info()[pri:13, instance:tests.FifthPhase@74650e52] output={null}]]]>
              </value>
            </param>
          </params>
          <reporter-output>
          </reporter-output>
        </test-method> <!-- logout -->
        <test-method status="PASS" signature="DeleteConnection()[pri:0, instance:tests.FifthPhase@74650e52]" name="DeleteConnection" is-config="true" duration-ms="1984" started-at="2023-04-14T14:19:52Z" finished-at="2023-04-14T14:19:54Z">
          <reporter-output>
          </reporter-output>
        </test-method> <!-- DeleteConnection -->
        <test-method status="FAIL" signature="Test14_RA_Doesnot_Support_Persistent_Mode()[pri:14, instance:tests.FifthPhase@74650e52]" name="Test14_RA_Doesnot_Support_Persistent_Mode" duration-ms="294469" started-at="2023-04-14T14:19:54Z" finished-at="2023-04-14T14:24:49Z">
          <exception class="java.lang.AssertionError">
            <message>
              <![CDATA[The following asserts failed:
	Connection Launched Even though Persistant Mode is not Supporrted expected [0] but found [1]]]>
            </message>
            <full-stacktrace>
              <![CDATA[java.lang.AssertionError: The following asserts failed:
	Connection Launched Even though Persistant Mode is not Supporrted expected [0] but found [1]
	at org.testng.asserts.SoftAssert.assertAll(SoftAssert.java:43)
	at tests.FifthPhase.Test14_RA_Doesnot_Support_Persistent_Mode(FifthPhase.java:1139)
	at sun.reflect.NativeMethodAccessorImpl.invoke0(Native Method)
	at sun.reflect.NativeMethodAccessorImpl.invoke(NativeMethodAccessorImpl.java:62)
	at sun.reflect.DelegatingMethodAccessorImpl.invoke(DelegatingMethodAccessorImpl.java:43)
	at java.lang.reflect.Method.invoke(Method.java:498)
	at org.testng.internal.MethodInvocationHelper.invokeMethod(MethodInvocationHelper.java:108)
	at org.testng.internal.Invoker.invokeMethod(Invoker.java:661)
	at org.testng.internal.Invoker.invokeTestMethod(Invoker.java:869)
	at org.testng.internal.Invoker.invokeTestMethods(Invoker.java:1193)
	at org.testng.internal.TestMethodWorker.invokeTestMethods(TestMethodWorker.java:126)
	at org.testng.internal.TestMethodWorker.run(TestMethodWorker.java:109)
	at org.testng.TestRunner.privateRun(TestRunner.java:744)
	at org.testng.TestRunner.run(TestRunner.java:602)
	at org.testng.SuiteRunner.runTest(SuiteRunner.java:380)
	at org.testng.SuiteRunner.runSequentially(SuiteRunner.java:375)
	at org.testng.SuiteRunner.privateRun(SuiteRunner.java:340)
	at org.testng.SuiteRunner.run(SuiteRunner.java:289)
	at org.testng.SuiteRunnerWorker.runSuite(SuiteRunnerWorker.java:52)
	at org.testng.SuiteRunnerWorker.run(SuiteRunnerWorker.java:86)
	at org.testng.TestNG.runSuitesSequentially(TestNG.java:1301)
	at org.testng.TestNG.runSuitesLocally(TestNG.java:1226)
	at org.testng.TestNG.runSuites(TestNG.java:1144)
	at org.testng.TestNG.run(TestNG.java:1115)
	at org.testng.remote.AbstractRemoteTestNG.run(AbstractRemoteTestNG.java:132)
	at org.testng.remote.RemoteTestNG.initAndRun(RemoteTestNG.java:230)
	at org.testng.remote.RemoteTestNG.main(RemoteTestNG.java:76)
]]>
            </full-stacktrace>
          </exception> <!-- java.lang.AssertionError -->
          <reporter-output>
          </reporter-output>
        </test-method> <!-- Test14_RA_Doesnot_Support_Persistent_Mode -->
        <test-method status="PASS" signature="DeleteConnection()[pri:0, instance:tests.FifthPhase@74650e52]" name="DeleteConnection" is-config="true" duration-ms="1984" started-at="2023-04-14T14:24:49Z" finished-at="2023-04-14T14:24:51Z">
          <reporter-output>
          </reporter-output>
        </test-method> <!-- DeleteConnection -->
        <test-method status="PASS" signature="logout(org.testng.ITestResult)[pri:0, instance:tests.FifthPhase@74650e52]" name="logout" is-config="true" duration-ms="0" started-at="2023-04-14T14:24:49Z" finished-at="2023-04-14T14:24:49Z">
          <params>
            <param index="0">
              <value>
                <![CDATA[[TestResult name=Test14_RA_Doesnot_Support_Persistent_Mode status=FAILURE method=FifthPhase.Test14_RA_Doesnot_Support_Persistent_Mode()[pri:14, instance:tests.FifthPhase@74650e52] output={null}]]]>
              </value>
            </param>
          </params>
          <reporter-output>
          </reporter-output>
        </test-method> <!-- logout -->
        <test-method status="FAIL" signature="Test11_CLI0001_Validate_10th_Connection_with_existing_9Connections()[pri:15, instance:tests.FifthPhase@74650e52]" name="Test11_CLI0001_Validate_10th_Connection_with_existing_9Connections" duration-ms="448797" started-at="2023-04-14T14:24:51Z" finished-at="2023-04-14T14:32:20Z">
          <exception class="java.lang.AssertionError">
            <message>
              <![CDATA[null]]>
            </message>
            <full-stacktrace>
              <![CDATA[java.lang.AssertionError: null
	at org.testng.Assert.fail(Assert.java:93)
	at org.testng.Assert.fail(Assert.java:100)
	at tests.FifthPhase.Test11_CLI0001_Validate_10th_Connection_with_existing_9Connections(FifthPhase.java:826)
	at sun.reflect.NativeMethodAccessorImpl.invoke0(Native Method)
	at sun.reflect.NativeMethodAccessorImpl.invoke(NativeMethodAccessorImpl.java:62)
	at sun.reflect.DelegatingMethodAccessorImpl.invoke(DelegatingMethodAccessorImpl.java:43)
	at java.lang.reflect.Method.invoke(Method.java:498)
	at org.testng.internal.MethodInvocationHelper.invokeMethod(MethodInvocationHelper.java:108)
	at org.testng.internal.Invoker.invokeMethod(Invoker.java:661)
	at org.testng.internal.Invoker.invokeTestMethod(Invoker.java:869)
	at org.testng.internal.Invoker.invokeTestMethods(Invoker.java:1193)
	at org.testng.internal.TestMethodWorker.invokeTestMethods(TestMethodWorker.java:126)
	at org.testng.internal.TestMethodWorker.run(TestMethodWorker.java:109)
	at org.testng.TestRunner.privateRun(TestRunner.java:744)
	at org.testng.TestRunner.run(TestRunner.java:602)
	at org.testng.SuiteRunner.runTest(SuiteRunner.java:380)
	at org.testng.SuiteRunner.runSequentially(SuiteRunner.java:375)
	at org.testng.SuiteRunner.privateRun(SuiteRunner.java:340)
	at org.testng.SuiteRunner.run(SuiteRunner.java:289)
	at org.testng.SuiteRunnerWorker.runSuite(SuiteRunnerWorker.java:52)
	at org.testng.SuiteRunnerWorker.run(SuiteRunnerWorker.java:86)
	at org.testng.TestNG.runSuitesSequentially(TestNG.java:1301)
	at org.testng.TestNG.runSuitesLocally(TestNG.java:1226)
	at org.testng.TestNG.runSuites(TestNG.java:1144)
	at org.testng.TestNG.run(TestNG.java:1115)
	at org.testng.remote.AbstractRemoteTestNG.run(AbstractRemoteTestNG.java:132)
	at org.testng.remote.RemoteTestNG.initAndRun(RemoteTestNG.java:230)
	at org.testng.remote.RemoteTestNG.main(RemoteTestNG.java:76)
]]>
            </full-stacktrace>
          </exception> <!-- java.lang.AssertionError -->
          <reporter-output>
          </reporter-output>
        </test-method> <!-- Test11_CLI0001_Validate_10th_Connection_with_existing_9Connections -->
        <test-method status="PASS" signature="logout(org.testng.ITestResult)[pri:0, instance:tests.FifthPhase@74650e52]" name="logout" is-config="true" duration-ms="0" started-at="2023-04-14T14:32:20Z" finished-at="2023-04-14T14:32:20Z">
          <params>
            <param index="0">
              <value>
                <![CDATA[[TestResult name=Test11_CLI0001_Validate_10th_Connection_with_existing_9Connections status=FAILURE method=FifthPhase.Test11_CLI0001_Validate_10th_Connection_with_existing_9Connections()[pri:15, instance:tests.FifthPhase@74650e52] output={null}]]]>
              </value>
            </param>
          </params>
          <reporter-output>
          </reporter-output>
        </test-method> <!-- logout -->
        <test-method status="PASS" signature="closeoff()[pri:0, instance:tests.FifthPhase@74650e52]" name="closeoff" is-config="true" duration-ms="30765" started-at="2023-04-14T14:32:20Z" finished-at="2023-04-14T14:32:50Z">
          <reporter-output>
            <line>
              <![CDATA[<div style=padding-top: 15px; padding: 10px;'><h2 style='padding: 4px 0;'>NBR statistics</h2><table style='width:100%;'><tr style='background-color: #07a54a;color: white;'><th>API Path</th><th>Runs</th><th>Min Response time</th><th>Max response time</th><th>Average Response</th></tr><table><div/>]]>
            </line>
          </reporter-output>
        </test-method> <!-- closeoff -->
      </class> <!-- tests.FifthPhase -->
    </test> <!-- Default test -->
  </suite> <!-- Default suite -->
</testng-results>
