<?xml version="1.0" encoding="UTF-8"?>
<!-- Generated by org.testng.reporters.JUnitReportReporter -->
<testsuite hostname="Blackbox" failures="1" tests="17" name="tests.SecondPhase" time="3.636" errors="0" timestamp="2023-08-25T10:49:51 BST" skipped="16">
  <testcase classname="tests.SecondPhase" name="Test05_FPS_Performance_in_RA_and_RX" time="0.000">
    <skipped/>
  </testcase> <!-- Test05_FPS_Performance_in_RA_and_RX -->
  <testcase classname="tests.SecondPhase" name="DeleteConnection" time="3.516">
    <failure message="1 expectation failed.
Expected status code &lt;200&gt; but was &lt;409&gt;.
" type="java.lang.AssertionError">
      <![CDATA[java.lang.AssertionError: 1 expectation failed.
Expected status code <200> but was <409>.

at java.base/jdk.internal.reflect.NativeConstructorAccessorImpl.newInstance0(Native Method)
at java.base/jdk.internal.reflect.NativeConstructorAccessorImpl.newInstance(NativeConstructorAccessorImpl.java:77)
at java.base/jdk.internal.reflect.DelegatingConstructorAccessorImpl.newInstance(DelegatingConstructorAccessorImpl.java:45)
at java.base/java.lang.reflect.Constructor.newInstanceWithCaller(Constructor.java:499)
at java.base/java.lang.reflect.Constructor.newInstance(Constructor.java:480)
at org.codehaus.groovy.reflection.CachedConstructor.invoke(CachedConstructor.java:72)
at org.codehaus.groovy.runtime.callsite.ConstructorSite$ConstructorSiteNoUnwrapNoCoerce.callConstructor(ConstructorSite.java:105)
at org.codehaus.groovy.runtime.callsite.CallSiteArray.defaultCallConstructor(CallSiteArray.java:59)
at org.codehaus.groovy.runtime.callsite.AbstractCallSite.callConstructor(AbstractCallSite.java:263)
at org.codehaus.groovy.runtime.callsite.AbstractCallSite.callConstructor(AbstractCallSite.java:277)
at io.restassured.internal.ResponseSpecificationImpl$HamcrestAssertionClosure.validate(ResponseSpecificationImpl.groovy:493)
at io.restassured.internal.ResponseSpecificationImpl$HamcrestAssertionClosure$validate$1.call(Unknown Source)
at org.codehaus.groovy.runtime.callsite.CallSiteArray.defaultCall(CallSiteArray.java:47)
at org.codehaus.groovy.runtime.callsite.AbstractCallSite.call(AbstractCallSite.java:125)
at org.codehaus.groovy.runtime.callsite.AbstractCallSite.call(AbstractCallSite.java:139)
at io.restassured.internal.ResponseSpecificationImpl.validateResponseIfRequired(ResponseSpecificationImpl.groovy:674)
at java.base/jdk.internal.reflect.NativeMethodAccessorImpl.invoke0(Native Method)
at java.base/jdk.internal.reflect.NativeMethodAccessorImpl.invoke(NativeMethodAccessorImpl.java:77)
at java.base/jdk.internal.reflect.DelegatingMethodAccessorImpl.invoke(DelegatingMethodAccessorImpl.java:43)
at java.base/java.lang.reflect.Method.invoke(Method.java:568)
at org.codehaus.groovy.runtime.callsite.PlainObjectMetaMethodSite.doInvoke(PlainObjectMetaMethodSite.java:43)
at org.codehaus.groovy.runtime.callsite.PogoMetaMethodSite$PogoCachedMethodSiteNoUnwrapNoCoerce.invoke(PogoMetaMethodSite.java:193)
at org.codehaus.groovy.runtime.callsite.PogoMetaMethodSite.callCurrent(PogoMetaMethodSite.java:61)
at org.codehaus.groovy.runtime.callsite.CallSiteArray.defaultCallCurrent(CallSiteArray.java:51)
at org.codehaus.groovy.runtime.callsite.AbstractCallSite.callCurrent(AbstractCallSite.java:171)
at org.codehaus.groovy.runtime.callsite.AbstractCallSite.callCurrent(AbstractCallSite.java:185)
at io.restassured.internal.ResponseSpecificationImpl.statusCode(ResponseSpecificationImpl.groovy:126)
at io.restassured.specification.ResponseSpecification$statusCode$0.callCurrent(Unknown Source)
at org.codehaus.groovy.runtime.callsite.CallSiteArray.defaultCallCurrent(CallSiteArray.java:51)
at org.codehaus.groovy.runtime.callsite.AbstractCallSite.callCurrent(AbstractCallSite.java:171)
at org.codehaus.groovy.runtime.callsite.AbstractCallSite.callCurrent(AbstractCallSite.java:185)
at io.restassured.internal.ResponseSpecificationImpl.statusCode(ResponseSpecificationImpl.groovy:134)
at io.restassured.internal.ValidatableResponseOptionsImpl.statusCode(ValidatableResponseOptionsImpl.java:89)
at io.restassured.internal.ValidatableResponseImpl.super$2$statusCode(ValidatableResponseImpl.groovy)
at java.base/jdk.internal.reflect.NativeMethodAccessorImpl.invoke0(Native Method)
at java.base/jdk.internal.reflect.NativeMethodAccessorImpl.invoke(NativeMethodAccessorImpl.java:77)
at java.base/jdk.internal.reflect.DelegatingMethodAccessorImpl.invoke(DelegatingMethodAccessorImpl.java:43)
at java.base/java.lang.reflect.Method.invoke(Method.java:568)
at org.codehaus.groovy.reflection.CachedMethod.invoke(CachedMethod.java:107)
at groovy.lang.MetaMethod.doMethodInvoke(MetaMethod.java:323)
at groovy.lang.MetaClassImpl.invokeMethod(MetaClassImpl.java:1268)
at org.codehaus.groovy.runtime.ScriptBytecodeAdapter.invokeMethodOnSuperN(ScriptBytecodeAdapter.java:144)
at io.restassured.internal.ValidatableResponseImpl.statusCode(ValidatableResponseImpl.groovy:142)
at io.restassured.internal.ValidatableResponseImpl.statusCode(ValidatableResponseImpl.groovy)
at tests.TestBase.DeleteConnection(TestBase.java:778)
at java.base/jdk.internal.reflect.NativeMethodAccessorImpl.invoke0(Native Method)
at java.base/jdk.internal.reflect.NativeMethodAccessorImpl.invoke(NativeMethodAccessorImpl.java:77)
at java.base/jdk.internal.reflect.DelegatingMethodAccessorImpl.invoke(DelegatingMethodAccessorImpl.java:43)
at java.base/java.lang.reflect.Method.invoke(Method.java:568)
at org.testng.internal.invokers.MethodInvocationHelper.invokeMethod(MethodInvocationHelper.java:139)
at org.testng.internal.invokers.MethodInvocationHelper.invokeMethodConsideringTimeout(MethodInvocationHelper.java:69)
at org.testng.internal.invokers.ConfigInvoker.invokeConfigurationMethod(ConfigInvoker.java:390)
at org.testng.internal.invokers.ConfigInvoker.invokeConfigurations(ConfigInvoker.java:325)
at org.testng.internal.invokers.TestInvoker.runConfigMethods(TestInvoker.java:810)
at org.testng.internal.invokers.TestInvoker.invokeMethod(TestInvoker.java:577)
at org.testng.internal.invokers.TestInvoker.invokeTestMethod(TestInvoker.java:227)
at org.testng.internal.invokers.MethodRunner.runInSequence(MethodRunner.java:50)
at org.testng.internal.invokers.TestInvoker$MethodInvocationAgent.invoke(TestInvoker.java:957)
at org.testng.internal.invokers.TestInvoker.invokeTestMethods(TestInvoker.java:200)
at org.testng.internal.invokers.TestMethodWorker.invokeTestMethods(TestMethodWorker.java:148)
at org.testng.internal.invokers.TestMethodWorker.run(TestMethodWorker.java:128)
at java.base/java.util.ArrayList.forEach(ArrayList.java:1511)
at org.testng.TestRunner.privateRun(TestRunner.java:848)
at org.testng.TestRunner.run(TestRunner.java:621)
at org.testng.SuiteRunner.runTest(SuiteRunner.java:443)
at org.testng.SuiteRunner.runSequentially(SuiteRunner.java:437)
at org.testng.SuiteRunner.privateRun(SuiteRunner.java:397)
at org.testng.SuiteRunner.run(SuiteRunner.java:336)
at org.testng.SuiteRunnerWorker.runSuite(SuiteRunnerWorker.java:52)
at org.testng.SuiteRunnerWorker.run(SuiteRunnerWorker.java:95)
at org.testng.TestNG.runSuitesSequentially(TestNG.java:1280)
at org.testng.TestNG.runSuitesLocally(TestNG.java:1200)
at org.testng.TestNG.runSuites(TestNG.java:1114)
at org.testng.TestNG.run(TestNG.java:1082)
at org.testng.remote.AbstractRemoteTestNG.run(AbstractRemoteTestNG.java:115)
at org.testng.remote.RemoteTestNG.initAndRun(RemoteTestNG.java:251)
at org.testng.remote.RemoteTestNG.main(RemoteTestNG.java:77)
]]>
    </failure>
  </testcase> <!-- DeleteConnection -->
  <testcase classname="tests.SecondPhase" name="Test01_DC0002_PE_Extended_Desktop" time="0.001">
    <skipped/>
  </testcase> <!-- Test01_DC0002_PE_Extended_Desktop -->
  <testcase classname="tests.SecondPhase" name="Test02_AI0052_Wrong_IP_Connection_in_RA" time="0.000">
    <skipped/>
  </testcase> <!-- Test02_AI0052_Wrong_IP_Connection_in_RA -->
  <testcase classname="tests.SecondPhase" name="Test03_SR0013_Connection_active_for_last_user" time="0.001">
    <skipped/>
  </testcase> <!-- Test03_SR0013_Connection_active_for_last_user -->
  <testcase classname="tests.SecondPhase" name="Test04_AI0050_Double_click_Connection" time="0.001">
    <skipped/>
  </testcase> <!-- Test04_AI0050_Double_click_Connection -->
  <testcase classname="tests.SecondPhase" name="Test06_SR0015_Performance_in_Private_and_Shared_Con" time="0.001">
    <skipped/>
  </testcase> <!-- Test06_SR0015_Performance_in_Private_and_Shared_Con -->
  <testcase classname="tests.SecondPhase" name="Test_07_SR0004_Private_Violation" time="0.001">
    <skipped/>
  </testcase> <!-- Test_07_SR0004_Private_Violation -->
  <testcase classname="tests.SecondPhase" name="Test_08_DC0003_PE_Dual_Extended_Desktop" time="0.001">
    <skipped/>
  </testcase> <!-- Test_08_DC0003_PE_Dual_Extended_Desktop -->
  <testcase classname="tests.SecondPhase" name="Test09_AI0074_Minimize_connection" time="0.000">
    <skipped/>
  </testcase> <!-- Test09_AI0074_Minimize_connection -->
  <testcase classname="tests.SecondPhase" name="Test10_AI0075_Maximize_connection" time="0.033">
    <skipped/>
  </testcase> <!-- Test10_AI0075_Maximize_connection -->
  <testcase classname="tests.SecondPhase" name="Test_11_VI0005_CreateVMlaunch_with_Auto" time="0.067">
    <skipped/>
  </testcase> <!-- Test_11_VI0005_CreateVMlaunch_with_Auto -->
  <testcase classname="tests.SecondPhase" name="Test_12_SR0010_Mouse_Movement_For_Second_user" time="0.003">
    <skipped/>
  </testcase> <!-- Test_12_SR0010_Mouse_Movement_For_Second_user -->
  <testcase classname="tests.SecondPhase" name="Test13_CL0005_RA_support_4K" time="0.007">
    <skipped/>
  </testcase> <!-- Test13_CL0005_RA_support_4K -->
  <testcase classname="tests.SecondPhase" name="Test14_SR0001_TX_VM_parallel_connectioninRA" time="0.002">
    <skipped/>
  </testcase> <!-- Test14_SR0001_TX_VM_parallel_connectioninRA -->
  <testcase classname="tests.SecondPhase" name="Test16_AI0052_Connecting_disconnected_TX" time="0.002">
    <skipped/>
  </testcase> <!-- Test16_AI0052_Connecting_disconnected_TX -->
  <testcase classname="tests.SecondPhase" name="Test17_DC0005_PE_Connection_in_Optimised_mode" time="0.000">
    <skipped/>
  </testcase> <!-- Test17_DC0005_PE_Connection_in_Optimised_mode -->
  <system-out>
    <![CDATA[<div style=padding-top: 15px; padding: 10px;'><h2 style='padding: 4px 0;'>NBR statistics</h2><table style='width:100%;'><tr style='background-color: #07a54a;color: white;'><th>API Path</th><th>Runs</th><th>Min Response time</th><th>Max response time</th><th>Average Response</th></tr><table><div/>]]>
  </system-out>
</testsuite> <!-- tests.SecondPhase -->
