<?xml version="1.0" encoding="UTF-8"?>
<testsuite name="winAppDriverFramework"
           tests="32"
           failures="1"
           errors="0"
           skipped="31"
           time="6.136">
  <properties />
            <testcase name="DeleteConnection" time="6.136" classname="tests.Thirdstage">
                <failure type="java.lang.AssertionError"
                  message="1 expectation failed.
Expected status code &lt;200&gt; but was &lt;409&gt;.
"
              >
<![CDATA[java.lang.AssertionError: 1 expectation failed.
Expected status code <200> but was <409>.

  sun.reflect.NativeConstructorAccessorImpl.newInstance0(Native Method)
  sun.reflect.NativeConstructorAccessorImpl.newInstance(NativeConstructorAccessorImpl.java:62)
  sun.reflect.DelegatingConstructorAccessorImpl.newInstance(DelegatingConstructorAccessorImpl.java:45)
  java.lang.reflect.Constructor.newInstance(Constructor.java:423)
  org.codehaus.groovy.reflection.CachedConstructor.invoke(CachedConstructor.java:72)
  org.codehaus.groovy.reflection.CachedConstructor.doConstructorInvoke(CachedConstructor.java:59)
  org.codehaus.groovy.runtime.callsite.ConstructorSite$ConstructorSiteNoUnwrap.callConstructor(ConstructorSite.java:84)
  org.codehaus.groovy.runtime.callsite.CallSiteArray.defaultCallConstructor(CallSiteArray.java:59)
  org.codehaus.groovy.runtime.callsite.AbstractCallSite.callConstructor(AbstractCallSite.java:263)
  org.codehaus.groovy.runtime.callsite.AbstractCallSite.callConstructor(AbstractCallSite.java:277)
  io.restassured.internal.ResponseSpecificationImpl$HamcrestAssertionClosure.validate(ResponseSpecificationImpl.groovy:493)
  io.restassured.internal.ResponseSpecificationImpl$HamcrestAssertionClosure$validate$1.call(Unknown Source)
  org.codehaus.groovy.runtime.callsite.CallSiteArray.defaultCall(CallSiteArray.java:47)
  org.codehaus.groovy.runtime.callsite.AbstractCallSite.call(AbstractCallSite.java:125)
  org.codehaus.groovy.runtime.callsite.AbstractCallSite.call(AbstractCallSite.java:139)
  io.restassured.internal.ResponseSpecificationImpl.validateResponseIfRequired(ResponseSpecificationImpl.groovy:674)
  sun.reflect.NativeMethodAccessorImpl.invoke0(Native Method)
  sun.reflect.NativeMethodAccessorImpl.invoke(NativeMethodAccessorImpl.java:62)
  sun.reflect.DelegatingMethodAccessorImpl.invoke(DelegatingMethodAccessorImpl.java:43)
  java.lang.reflect.Method.invoke(Method.java:498)
  org.codehaus.groovy.runtime.callsite.PlainObjectMetaMethodSite.doInvoke(PlainObjectMetaMethodSite.java:43)
  org.codehaus.groovy.runtime.callsite.PogoMetaMethodSite$PogoCachedMethodSiteNoUnwrapNoCoerce.invoke(PogoMetaMethodSite.java:193)
  org.codehaus.groovy.runtime.callsite.PogoMetaMethodSite.callCurrent(PogoMetaMethodSite.java:61)
  org.codehaus.groovy.runtime.callsite.CallSiteArray.defaultCallCurrent(CallSiteArray.java:51)
  org.codehaus.groovy.runtime.callsite.AbstractCallSite.callCurrent(AbstractCallSite.java:171)
  org.codehaus.groovy.runtime.callsite.AbstractCallSite.callCurrent(AbstractCallSite.java:185)
  io.restassured.internal.ResponseSpecificationImpl.statusCode(ResponseSpecificationImpl.groovy:126)
  io.restassured.specification.ResponseSpecification$statusCode$0.callCurrent(Unknown Source)
  org.codehaus.groovy.runtime.callsite.CallSiteArray.defaultCallCurrent(CallSiteArray.java:51)
  org.codehaus.groovy.runtime.callsite.AbstractCallSite.callCurrent(AbstractCallSite.java:171)
  org.codehaus.groovy.runtime.callsite.AbstractCallSite.callCurrent(AbstractCallSite.java:185)
  io.restassured.internal.ResponseSpecificationImpl.statusCode(ResponseSpecificationImpl.groovy:134)
  io.restassured.internal.ValidatableResponseOptionsImpl.statusCode(ValidatableResponseOptionsImpl.java:89)
  io.restassured.internal.ValidatableResponseImpl.super$2$statusCode(ValidatableResponseImpl.groovy)
  sun.reflect.NativeMethodAccessorImpl.invoke0(Native Method)
  sun.reflect.NativeMethodAccessorImpl.invoke(NativeMethodAccessorImpl.java:62)
  sun.reflect.DelegatingMethodAccessorImpl.invoke(DelegatingMethodAccessorImpl.java:43)
  java.lang.reflect.Method.invoke(Method.java:498)
  org.codehaus.groovy.reflection.CachedMethod.invoke(CachedMethod.java:107)
  groovy.lang.MetaMethod.doMethodInvoke(MetaMethod.java:323)
  groovy.lang.MetaClassImpl.invokeMethod(MetaClassImpl.java:1268)
  org.codehaus.groovy.runtime.ScriptBytecodeAdapter.invokeMethodOnSuperN(ScriptBytecodeAdapter.java:144)
  io.restassured.internal.ValidatableResponseImpl.statusCode(ValidatableResponseImpl.groovy:142)
  io.restassured.internal.ValidatableResponseImpl.statusCode(ValidatableResponseImpl.groovy)
  tests.TestBase.DeleteConnection(TestBase.java:700)
  sun.reflect.NativeMethodAccessorImpl.invoke0(Native Method)
  sun.reflect.NativeMethodAccessorImpl.invoke(NativeMethodAccessorImpl.java:62)
  sun.reflect.DelegatingMethodAccessorImpl.invoke(DelegatingMethodAccessorImpl.java:43)
  java.lang.reflect.Method.invoke(Method.java:498)
  org.testng.internal.MethodInvocationHelper.invokeMethod(MethodInvocationHelper.java:108)
  org.testng.internal.Invoker.invokeConfigurationMethod(Invoker.java:523)
  org.testng.internal.Invoker.invokeConfigurations(Invoker.java:224)
  org.testng.internal.Invoker.invokeMethod(Invoker.java:599)
  org.testng.internal.Invoker.invokeTestMethod(Invoker.java:869)
  org.testng.internal.Invoker.invokeTestMethods(Invoker.java:1193)
  org.testng.internal.TestMethodWorker.invokeTestMethods(TestMethodWorker.java:126)
  org.testng.internal.TestMethodWorker.run(TestMethodWorker.java:109)
  org.testng.TestRunner.privateRun(TestRunner.java:744)
  org.testng.TestRunner.run(TestRunner.java:602)
  org.testng.SuiteRunner.runTest(SuiteRunner.java:380)
  org.testng.SuiteRunner.runSequentially(SuiteRunner.java:375)
  org.testng.SuiteRunner.privateRun(SuiteRunner.java:340)
  org.testng.SuiteRunner.run(SuiteRunner.java:289)
  org.testng.SuiteRunnerWorker.runSuite(SuiteRunnerWorker.java:52)
  org.testng.SuiteRunnerWorker.run(SuiteRunnerWorker.java:86)
  org.testng.TestNG.runSuitesSequentially(TestNG.java:1301)
  org.testng.TestNG.runSuitesLocally(TestNG.java:1226)
  org.testng.TestNG.runSuites(TestNG.java:1144)
  org.testng.TestNG.run(TestNG.java:1115)
  org.testng.remote.AbstractRemoteTestNG.run(AbstractRemoteTestNG.java:132)
  org.testng.remote.RemoteTestNG.initAndRun(RemoteTestNG.java:230)
  org.testng.remote.RemoteTestNG.main(RemoteTestNG.java:76)
]]>
      </failure>

          </testcase>
  
            <testcase name="DeleteConnection" time="0.0" classname="tests.Thirdstage">
          <skipped />
    </testcase>
            <testcase name="DeleteConnection" time="0.0" classname="tests.Thirdstage">
          <skipped />
    </testcase>
            <testcase name="DeleteConnection" time="0.0" classname="tests.Thirdstage">
          <skipped />
    </testcase>
            <testcase name="DeleteConnection" time="0.0" classname="tests.Thirdstage">
          <skipped />
    </testcase>
            <testcase name="DeleteConnection" time="0.0" classname="tests.Thirdstage">
          <skipped />
    </testcase>
            <testcase name="DeleteConnection" time="0.0" classname="tests.Thirdstage">
          <skipped />
    </testcase>
            <testcase name="DeleteConnection" time="0.0" classname="tests.Thirdstage">
          <skipped />
    </testcase>
            <testcase name="DeleteConnection" time="0.0" classname="tests.Thirdstage">
          <skipped />
    </testcase>
            <testcase name="DeleteConnection" time="0.0" classname="tests.Thirdstage">
          <skipped />
    </testcase>
            <testcase name="DeleteConnection" time="0.0" classname="tests.Thirdstage">
          <skipped />
    </testcase>
            <testcase name="DeleteConnection" time="0.0" classname="tests.Thirdstage">
          <skipped />
    </testcase>
            <testcase name="DeleteConnection" time="0.0" classname="tests.Thirdstage">
          <skipped />
    </testcase>
            <testcase name="DeleteConnection" time="0.0" classname="tests.Thirdstage">
          <skipped />
    </testcase>
            <testcase name="DeleteConnection" time="0.0" classname="tests.Thirdstage">
          <skipped />
    </testcase>
            <testcase name="DeleteConnection" time="0.0" classname="tests.Thirdstage">
          <skipped />
    </testcase>
            <testcase name="Test15_US0001_MouseMovement_inVM" time="0.0" classname="tests.Thirdstage">
          <skipped />
    </testcase>
            <testcase name="Test03__PE_DH_Performance_Check_FPS_DF_Mbps" time="0.0" classname="tests.Thirdstage">
          <skipped />
    </testcase>
            <testcase name="Test09_CL0005a_RA_License_check" time="0.0" classname="tests.Thirdstage">
          <skipped />
    </testcase>
            <testcase name="Test10_AI0020_Connection_in_AlphabeticalOrder" time="0.0" classname="tests.Thirdstage">
          <skipped />
    </testcase>
            <testcase name="Test02_SR0024_Logout_from_VM" time="0.0" classname="tests.Thirdstage">
          <skipped />
    </testcase>
            <testcase name="Test08_VI0010_resolution_1920X1080_with_40fps" time="0.0" classname="tests.Thirdstage">
          <skipped />
    </testcase>
            <testcase name="Test01_SR0018_No_Extended_Desktop" time="0.0" classname="tests.Thirdstage">
          <skipped />
    </testcase>
            <testcase name="Test14_SR0023_close_connection" time="0.0" classname="tests.Thirdstage">
          <skipped />
    </testcase>
            <testcase name="Test16_SR0026_Networkloss_should_terminateConnec" time="0.0" classname="tests.Thirdstage">
          <skipped />
    </testcase>
            <testcase name="Test11_AI0050_Con_Navigation_from_Keyboard" time="0.0" classname="tests.Thirdstage">
          <skipped />
    </testcase>
            <testcase name="Test07_AI0036_RDP_Resolution" time="0.0" classname="tests.Thirdstage">
          <skipped />
    </testcase>
            <testcase name="Test13_CL0007_Key_mouse_MoveonActiveconnection" time="0.0" classname="tests.Thirdstage">
          <skipped />
    </testcase>
            <testcase name="Test04_SR0001_Con_Launch_in_RAandRX" time="0.0" classname="tests.Thirdstage">
          <skipped />
    </testcase>
            <testcase name="Test05_VI0007_SmartSizing_VM_launch" time="0.0" classname="tests.Thirdstage">
          <skipped />
    </testcase>
            <testcase name="Test06_SR0025_Reboot_Tx" time="0.0" classname="tests.Thirdstage">
          <skipped />
    </testcase>
            <testcase name="Test12_AI0028_AD_User_LaunchConnection" time="0.0" classname="tests.Thirdstage">
          <skipped />
    </testcase>
  
  
</testsuite>
