<?xml version="1.0" encoding="UTF-8"?>
<!-- Generated by org.testng.reporters.JUnitXMLReporter -->
<testsuite hostname="ST-RA-WIN10-VM" ignored="6" name="winAppDriverFramework" tests="74" failures="0" timestamp="13 Sep 2022 03:29:51 GMT" time="6.333" errors="0">
  <testcase name="@BeforeMethod DeleteConnection" time="6.136" classname="tests.TestBase">
    <failure type="java.lang.AssertionError" message="1 expectation failed.
Expected status code &amp;lt;200&amp;gt; but was &amp;lt;409&amp;gt;.
">
      <![CDATA[java.lang.AssertionError: 1 expectation failed.
Expected status code <200> but was <409>.

	at org.codehaus.groovy.runtime.callsite.ConstructorSite$ConstructorSiteNoUnwrap.callConstructor(ConstructorSite.java:84)
	at org.codehaus.groovy.runtime.callsite.CallSiteArray.defaultCallConstructor(CallSiteArray.java:59)
	at org.codehaus.groovy.runtime.callsite.AbstractCallSite.callConstructor(AbstractCallSite.java:263)
	at org.codehaus.groovy.runtime.callsite.AbstractCallSite.callConstructor(AbstractCallSite.java:277)
	at io.restassured.internal.ResponseSpecificationImpl$HamcrestAssertionClosure.validate(ResponseSpecificationImpl.groovy:493)
	at io.restassured.internal.ResponseSpecificationImpl$HamcrestAssertionClosure$validate$1.call(Unknown Source)
	at org.codehaus.groovy.runtime.callsite.CallSiteArray.defaultCall(CallSiteArray.java:47)
	at org.codehaus.groovy.runtime.callsite.AbstractCallSite.call(AbstractCallSite.java:125)
	at org.codehaus.groovy.runtime.callsite.AbstractCallSite.call(AbstractCallSite.java:139)
	at io.restassured.internal.ResponseSpecificationImpl.validateResponseIfRequired(ResponseSpecificationImpl.groovy:674)
	at org.codehaus.groovy.runtime.callsite.PlainObjectMetaMethodSite.doInvoke(PlainObjectMetaMethodSite.java:43)
	at org.codehaus.groovy.runtime.callsite.PogoMetaMethodSite$PogoCachedMethodSiteNoUnwrapNoCoerce.invoke(PogoMetaMethodSite.java:193)
	at org.codehaus.groovy.runtime.callsite.PogoMetaMethodSite.callCurrent(PogoMetaMethodSite.java:61)
	at org.codehaus.groovy.runtime.callsite.CallSiteArray.defaultCallCurrent(CallSiteArray.java:51)
	at org.codehaus.groovy.runtime.callsite.AbstractCallSite.callCurrent(AbstractCallSite.java:171)
	at org.codehaus.groovy.runtime.callsite.AbstractCallSite.callCurrent(AbstractCallSite.java:185)
	at io.restassured.internal.ResponseSpecificationImpl.statusCode(ResponseSpecificationImpl.groovy:126)
	at io.restassured.specification.ResponseSpecification$statusCode$0.callCurrent(Unknown Source)
	at org.codehaus.groovy.runtime.callsite.CallSiteArray.defaultCallCurrent(CallSiteArray.java:51)
	at org.codehaus.groovy.runtime.callsite.AbstractCallSite.callCurrent(AbstractCallSite.java:171)
	at org.codehaus.groovy.runtime.callsite.AbstractCallSite.callCurrent(AbstractCallSite.java:185)
	at io.restassured.internal.ResponseSpecificationImpl.statusCode(ResponseSpecificationImpl.groovy:134)
	at io.restassured.internal.ValidatableResponseOptionsImpl.statusCode(ValidatableResponseOptionsImpl.java:89)
	at io.restassured.internal.ValidatableResponseImpl.super$2$statusCode(ValidatableResponseImpl.groovy)
	at groovy.lang.MetaMethod.doMethodInvoke(MetaMethod.java:323)
	at groovy.lang.MetaClassImpl.invokeMethod(MetaClassImpl.java:1268)
	at org.codehaus.groovy.runtime.ScriptBytecodeAdapter.invokeMethodOnSuperN(ScriptBytecodeAdapter.java:144)
	at io.restassured.internal.ValidatableResponseImpl.statusCode(ValidatableResponseImpl.groovy:142)
	at io.restassured.internal.ValidatableResponseImpl.statusCode(ValidatableResponseImpl.groovy)
	at tests.TestBase.DeleteConnection(TestBase.java:700)
... Removed 42 stack frames]]>
    </failure>
  </testcase> <!-- @BeforeMethod DeleteConnection -->
  <testcase name="@BeforeMethod DeleteConnection" time="0.0" classname="tests.TestBase">
    <skipped/>
  </testcase> <!-- @BeforeMethod DeleteConnection -->
  <testcase name="@BeforeMethod DeleteConnection" time="0.0" classname="tests.TestBase">
    <skipped/>
  </testcase> <!-- @BeforeMethod DeleteConnection -->
  <testcase name="@BeforeMethod DeleteConnection" time="0.0" classname="tests.TestBase">
    <skipped/>
  </testcase> <!-- @BeforeMethod DeleteConnection -->
  <testcase name="@BeforeMethod DeleteConnection" time="0.0" classname="tests.TestBase">
    <skipped/>
  </testcase> <!-- @BeforeMethod DeleteConnection -->
  <testcase name="@BeforeMethod DeleteConnection" time="0.0" classname="tests.TestBase">
    <skipped/>
  </testcase> <!-- @BeforeMethod DeleteConnection -->
  <testcase name="@BeforeMethod DeleteConnection" time="0.0" classname="tests.TestBase">
    <skipped/>
  </testcase> <!-- @BeforeMethod DeleteConnection -->
  <testcase name="@BeforeMethod DeleteConnection" time="0.0" classname="tests.TestBase">
    <skipped/>
  </testcase> <!-- @BeforeMethod DeleteConnection -->
  <testcase name="@BeforeMethod DeleteConnection" time="0.0" classname="tests.TestBase">
    <skipped/>
  </testcase> <!-- @BeforeMethod DeleteConnection -->
  <testcase name="@BeforeMethod DeleteConnection" time="0.0" classname="tests.TestBase">
    <skipped/>
  </testcase> <!-- @BeforeMethod DeleteConnection -->
  <testcase name="@BeforeMethod DeleteConnection" time="0.0" classname="tests.TestBase">
    <skipped/>
  </testcase> <!-- @BeforeMethod DeleteConnection -->
  <testcase name="@BeforeMethod DeleteConnection" time="0.0" classname="tests.TestBase">
    <skipped/>
  </testcase> <!-- @BeforeMethod DeleteConnection -->
  <testcase name="@BeforeMethod DeleteConnection" time="0.0" classname="tests.TestBase">
    <skipped/>
  </testcase> <!-- @BeforeMethod DeleteConnection -->
  <testcase name="@BeforeMethod DeleteConnection" time="0.0" classname="tests.TestBase">
    <skipped/>
  </testcase> <!-- @BeforeMethod DeleteConnection -->
  <testcase name="@BeforeMethod DeleteConnection" time="0.0" classname="tests.TestBase">
    <skipped/>
  </testcase> <!-- @BeforeMethod DeleteConnection -->
  <testcase name="@BeforeMethod DeleteConnection" time="0.0" classname="tests.TestBase">
    <skipped/>
  </testcase> <!-- @BeforeMethod DeleteConnection -->
  <testcase name="@BeforeMethod DeleteConnection" time="0.0" classname="tests.TestBase">
    <skipped/>
  </testcase> <!-- @BeforeMethod DeleteConnection -->
  <testcase name="@BeforeMethod DeleteConnection" time="0.0" classname="tests.TestBase">
    <skipped/>
  </testcase> <!-- @BeforeMethod DeleteConnection -->
  <testcase name="@BeforeMethod DeleteConnection" time="0.0" classname="tests.TestBase">
    <skipped/>
  </testcase> <!-- @BeforeMethod DeleteConnection -->
  <testcase name="@BeforeMethod DeleteConnection" time="0.0" classname="tests.TestBase">
    <skipped/>
  </testcase> <!-- @BeforeMethod DeleteConnection -->
  <testcase name="@BeforeMethod DeleteConnection" time="0.0" classname="tests.TestBase">
    <skipped/>
  </testcase> <!-- @BeforeMethod DeleteConnection -->
  <testcase name="@BeforeMethod DeleteConnection" time="0.0" classname="tests.TestBase">
    <skipped/>
  </testcase> <!-- @BeforeMethod DeleteConnection -->
  <testcase name="@BeforeMethod DeleteConnection" time="0.0" classname="tests.TestBase">
    <skipped/>
  </testcase> <!-- @BeforeMethod DeleteConnection -->
  <testcase name="@BeforeMethod DeleteConnection" time="0.0" classname="tests.TestBase">
    <skipped/>
  </testcase> <!-- @BeforeMethod DeleteConnection -->
  <testcase name="@BeforeMethod DeleteConnection" time="0.0" classname="tests.TestBase">
    <skipped/>
  </testcase> <!-- @BeforeMethod DeleteConnection -->
  <testcase name="@BeforeMethod DeleteConnection" time="0.0" classname="tests.TestBase">
    <skipped/>
  </testcase> <!-- @BeforeMethod DeleteConnection -->
  <testcase name="@BeforeMethod DeleteConnection" time="0.0" classname="tests.TestBase">
    <skipped/>
  </testcase> <!-- @BeforeMethod DeleteConnection -->
  <testcase name="@BeforeMethod DeleteConnection" time="0.0" classname="tests.TestBase">
    <skipped/>
  </testcase> <!-- @BeforeMethod DeleteConnection -->
  <testcase name="@BeforeMethod DeleteConnection" time="0.0" classname="tests.TestBase">
    <skipped/>
  </testcase> <!-- @BeforeMethod DeleteConnection -->
  <testcase name="@BeforeMethod DeleteConnection" time="0.0" classname="tests.TestBase">
    <skipped/>
  </testcase> <!-- @BeforeMethod DeleteConnection -->
  <testcase name="@BeforeMethod DeleteConnection" time="0.0" classname="tests.TestBase">
    <skipped/>
  </testcase> <!-- @BeforeMethod DeleteConnection -->
  <testcase name="@BeforeMethod DeleteConnection" time="0.0" classname="tests.TestBase">
    <skipped/>
  </testcase> <!-- @BeforeMethod DeleteConnection -->
  <testcase name="@BeforeMethod DeleteConnection" time="0.0" classname="tests.TestBase">
    <skipped/>
  </testcase> <!-- @BeforeMethod DeleteConnection -->
  <testcase name="@BeforeMethod DeleteConnection" time="0.0" classname="tests.TestBase">
    <skipped/>
  </testcase> <!-- @BeforeMethod DeleteConnection -->
  <testcase name="@BeforeMethod DeleteConnection" time="0.0" classname="tests.TestBase">
    <skipped/>
  </testcase> <!-- @BeforeMethod DeleteConnection -->
  <testcase name="@BeforeMethod DeleteConnection" time="0.0" classname="tests.TestBase">
    <skipped/>
  </testcase> <!-- @BeforeMethod DeleteConnection -->
  <testcase name="@BeforeMethod DeleteConnection" time="0.0" classname="tests.TestBase">
    <skipped/>
  </testcase> <!-- @BeforeMethod DeleteConnection -->
  <testcase name="@BeforeMethod DeleteConnection" time="0.0" classname="tests.TestBase">
    <skipped/>
  </testcase> <!-- @BeforeMethod DeleteConnection -->
  <testcase name="@BeforeMethod DeleteConnection" time="0.0" classname="tests.TestBase">
    <skipped/>
  </testcase> <!-- @BeforeMethod DeleteConnection -->
  <testcase name="@BeforeMethod DeleteConnection" time="0.0" classname="tests.TestBase">
    <skipped/>
  </testcase> <!-- @BeforeMethod DeleteConnection -->
  <testcase name="@BeforeMethod DeleteConnection" time="0.0" classname="tests.TestBase">
    <skipped/>
  </testcase> <!-- @BeforeMethod DeleteConnection -->
  <testcase name="@BeforeMethod DeleteConnection" time="0.0" classname="tests.TestBase">
    <skipped/>
  </testcase> <!-- @BeforeMethod DeleteConnection -->
  <testcase name="@BeforeMethod DeleteConnection" time="0.0" classname="tests.TestBase">
    <skipped/>
  </testcase> <!-- @BeforeMethod DeleteConnection -->
  <testcase name="@BeforeMethod DeleteConnection" time="0.0" classname="tests.TestBase">
    <skipped/>
  </testcase> <!-- @BeforeMethod DeleteConnection -->
  <testcase name="@BeforeMethod DeleteConnection" time="0.0" classname="tests.TestBase">
    <skipped/>
  </testcase> <!-- @BeforeMethod DeleteConnection -->
  <testcase name="@BeforeMethod DeleteConnection" time="0.0" classname="tests.TestBase">
    <skipped/>
  </testcase> <!-- @BeforeMethod DeleteConnection -->
  <testcase name="@BeforeMethod DeleteConnection" time="0.0" classname="tests.TestBase">
    <skipped/>
  </testcase> <!-- @BeforeMethod DeleteConnection -->
  <testcase name="@BeforeMethod DeleteConnection" time="0.0" classname="tests.TestBase">
    <skipped/>
  </testcase> <!-- @BeforeMethod DeleteConnection -->
  <testcase name="@BeforeMethod DeleteConnection" time="0.0" classname="tests.TestBase">
    <skipped/>
  </testcase> <!-- @BeforeMethod DeleteConnection -->
  <testcase name="@BeforeMethod DeleteConnection" time="0.0" classname="tests.TestBase">
    <skipped/>
  </testcase> <!-- @BeforeMethod DeleteConnection -->
  <testcase name="@BeforeMethod DeleteConnection" time="0.0" classname="tests.TestBase">
    <skipped/>
  </testcase> <!-- @BeforeMethod DeleteConnection -->
  <testcase name="@BeforeMethod DeleteConnection" time="0.0" classname="tests.TestBase">
    <skipped/>
  </testcase> <!-- @BeforeMethod DeleteConnection -->
  <testcase name="@BeforeMethod DeleteConnection" time="0.0" classname="tests.TestBase">
    <skipped/>
  </testcase> <!-- @BeforeMethod DeleteConnection -->
  <testcase name="@BeforeMethod DeleteConnection" time="0.0" classname="tests.TestBase">
    <skipped/>
  </testcase> <!-- @BeforeMethod DeleteConnection -->
  <testcase name="@BeforeMethod DeleteConnection" time="0.0" classname="tests.TestBase">
    <skipped/>
  </testcase> <!-- @BeforeMethod DeleteConnection -->
  <testcase name="@BeforeMethod DeleteConnection" time="0.0" classname="tests.TestBase">
    <skipped/>
  </testcase> <!-- @BeforeMethod DeleteConnection -->
  <testcase name="@BeforeMethod DeleteConnection" time="0.0" classname="tests.TestBase">
    <skipped/>
  </testcase> <!-- @BeforeMethod DeleteConnection -->
  <testcase name="@BeforeMethod DeleteConnection" time="0.0" classname="tests.TestBase">
    <skipped/>
  </testcase> <!-- @BeforeMethod DeleteConnection -->
  <testcase name="@BeforeMethod DeleteConnection" time="0.0" classname="tests.TestBase">
    <skipped/>
  </testcase> <!-- @BeforeMethod DeleteConnection -->
  <testcase name="@BeforeMethod DeleteConnection" time="0.0" classname="tests.TestBase">
    <skipped/>
  </testcase> <!-- @BeforeMethod DeleteConnection -->
  <testcase name="@BeforeMethod DeleteConnection" time="0.0" classname="tests.TestBase">
    <skipped/>
  </testcase> <!-- @BeforeMethod DeleteConnection -->
  <testcase name="@BeforeMethod DeleteConnection" time="0.0" classname="tests.TestBase">
    <skipped/>
  </testcase> <!-- @BeforeMethod DeleteConnection -->
  <testcase name="@BeforeMethod DeleteConnection" time="0.0" classname="tests.TestBase">
    <skipped/>
  </testcase> <!-- @BeforeMethod DeleteConnection -->
  <testcase name="@BeforeMethod DeleteConnection" time="0.0" classname="tests.TestBase">
    <skipped/>
  </testcase> <!-- @BeforeMethod DeleteConnection -->
  <testcase name="@BeforeMethod DeleteConnection" time="0.0" classname="tests.TestBase">
    <skipped/>
  </testcase> <!-- @BeforeMethod DeleteConnection -->
  <testcase name="@BeforeMethod DeleteConnection" time="0.0" classname="tests.TestBase">
    <skipped/>
  </testcase> <!-- @BeforeMethod DeleteConnection -->
  <testcase name="@BeforeMethod DeleteConnection" time="0.0" classname="tests.TestBase">
    <skipped/>
  </testcase> <!-- @BeforeMethod DeleteConnection -->
  <testcase name="@BeforeMethod DeleteConnection" time="0.0" classname="tests.TestBase">
    <skipped/>
  </testcase> <!-- @BeforeMethod DeleteConnection -->
  <testcase name="@BeforeMethod DeleteConnection" time="0.0" classname="tests.TestBase">
    <skipped/>
  </testcase> <!-- @BeforeMethod DeleteConnection -->
  <testcase name="@BeforeMethod DeleteConnection" time="0.0" classname="tests.TestBase">
    <skipped/>
  </testcase> <!-- @BeforeMethod DeleteConnection -->
  <testcase name="@BeforeMethod DeleteConnection" time="0.0" classname="tests.TestBase">
    <skipped/>
  </testcase> <!-- @BeforeMethod DeleteConnection -->
  <testcase name="@BeforeMethod DeleteConnection" time="0.0" classname="tests.TestBase">
    <skipped/>
  </testcase> <!-- @BeforeMethod DeleteConnection -->
  <testcase name="@BeforeMethod DeleteConnection" time="0.0" classname="tests.TestBase">
    <skipped/>
  </testcase> <!-- @BeforeMethod DeleteConnection -->
  <testcase name="@BeforeMethod DeleteConnection" time="0.0" classname="tests.TestBase">
    <skipped/>
  </testcase> <!-- @BeforeMethod DeleteConnection -->
  <testcase name="Test01_SR0018_No_Extended_Desktop" time="0.0" classname="tests.Thirdstage">
    <skipped/>
  </testcase> <!-- Test01_SR0018_No_Extended_Desktop -->
  <testcase name="Test02_SR0024_Logout_from_VM" time="0.0" classname="tests.Thirdstage">
    <skipped/>
  </testcase> <!-- Test02_SR0024_Logout_from_VM -->
  <testcase name="Test03__PE_DH_Performance_Check_FPS_DF_Mbps" time="0.0" classname="tests.Thirdstage">
    <skipped/>
  </testcase> <!-- Test03__PE_DH_Performance_Check_FPS_DF_Mbps -->
  <testcase name="Test04_SR0001_Con_Launch_in_RAandRX" time="0.0" classname="tests.Thirdstage">
    <skipped/>
  </testcase> <!-- Test04_SR0001_Con_Launch_in_RAandRX -->
  <testcase name="Test05_VI0007_SmartSizing_VM_launch" time="0.0" classname="tests.Thirdstage">
    <skipped/>
  </testcase> <!-- Test05_VI0007_SmartSizing_VM_launch -->
  <testcase name="Test06_SR0025_Reboot_Tx" time="0.0" classname="tests.Thirdstage">
    <skipped/>
  </testcase> <!-- Test06_SR0025_Reboot_Tx -->
  <testcase name="Test07_AI0036_RDP_Resolution" time="0.0" classname="tests.Thirdstage">
    <skipped/>
  </testcase> <!-- Test07_AI0036_RDP_Resolution -->
  <testcase name="Test08_VI0010_resolution_1920X1080_with_40fps" time="0.0" classname="tests.Thirdstage">
    <skipped/>
  </testcase> <!-- Test08_VI0010_resolution_1920X1080_with_40fps -->
  <testcase name="Test09_CL0005a_RA_License_check" time="0.0" classname="tests.Thirdstage">
    <skipped/>
  </testcase> <!-- Test09_CL0005a_RA_License_check -->
  <testcase name="Test10_AI0020_Connection_in_AlphabeticalOrder" time="0.0" classname="tests.Thirdstage">
    <skipped/>
  </testcase> <!-- Test10_AI0020_Connection_in_AlphabeticalOrder -->
  <testcase name="Test11_AI0050_Con_Navigation_from_Keyboard" time="0.0" classname="tests.Thirdstage">
    <skipped/>
  </testcase> <!-- Test11_AI0050_Con_Navigation_from_Keyboard -->
  <testcase name="Test12_AI0028_AD_User_LaunchConnection" time="0.0" classname="tests.Thirdstage">
    <skipped/>
  </testcase> <!-- Test12_AI0028_AD_User_LaunchConnection -->
  <testcase name="Test13_CL0007_Key_mouse_MoveonActiveconnection" time="0.0" classname="tests.Thirdstage">
    <skipped/>
  </testcase> <!-- Test13_CL0007_Key_mouse_MoveonActiveconnection -->
  <testcase name="Test14_SR0023_close_connection" time="0.0" classname="tests.Thirdstage">
    <skipped/>
  </testcase> <!-- Test14_SR0023_close_connection -->
  <testcase name="Test15_US0001_MouseMovement_inVM" time="0.0" classname="tests.Thirdstage">
    <skipped/>
  </testcase> <!-- Test15_US0001_MouseMovement_inVM -->
  <testcase name="Test16_SR0026_Networkloss_should_terminateConnec" time="0.0" classname="tests.Thirdstage">
    <skipped/>
  </testcase> <!-- Test16_SR0026_Networkloss_should_terminateConnec -->
  <testcase name="Test01_SR0018_HID_Absolute" time="0.0" classname="tests.Firstphase">
    <skipped/>
  </testcase> <!-- Test01_SR0018_HID_Absolute -->
  <testcase name="Test02_CL0001_bxa_Manager_IP_Check" time="0.0" classname="tests.Firstphase">
    <skipped/>
  </testcase> <!-- Test02_CL0001_bxa_Manager_IP_Check -->
  <testcase name="Test03_CL0002_bxaManager_IPsetUp" time="0.0" classname="tests.Firstphase">
    <skipped/>
  </testcase> <!-- Test03_CL0002_bxaManager_IPsetUp -->
  <testcase name="Test04_CL0003_Active_User_check" time="0.0" classname="tests.Firstphase">
    <skipped/>
  </testcase> <!-- Test04_CL0003_Active_User_check -->
  <testcase name="Test05_SR0021_RA_Authentication" time="0.0" classname="tests.Firstphase">
    <skipped/>
  </testcase> <!-- Test05_SR0021_RA_Authentication -->
  <testcase name="Test07_AI0004_Menu_Options_Check" time="0.0" classname="tests.Firstphase">
    <skipped/>
  </testcase> <!-- Test07_AI0004_Menu_Options_Check -->
  <testcase name="Test08_AI0046_Version_BB_details_check" time="0.0" classname="tests.Firstphase">
    <skipped/>
  </testcase> <!-- Test08_AI0046_Version_BB_details_check -->
  <testcase name="Test09_AI0047_Information_Tab" time="0.0" classname="tests.Firstphase">
    <skipped/>
  </testcase> <!-- Test09_AI0047_Information_Tab -->
  <testcase name="Test10_VI0006_Resolution_Setto_Auto" time="0.0" classname="tests.Firstphase">
    <skipped/>
  </testcase> <!-- Test10_VI0006_Resolution_Setto_Auto -->
  <testcase name="Test11_AI0007_Connection_List_check" time="0.0" classname="tests.Firstphase">
    <skipped/>
  </testcase> <!-- Test11_AI0007_Connection_List_check -->
  <testcase name="Test12_AI0005_User_Privileges_Check" time="0.0" classname="tests.Firstphase">
    <skipped/>
  </testcase> <!-- Test12_AI0005_User_Privileges_Check -->
  <testcase name="Test13_AI0032_User_Password_Update" time="0.0" classname="tests.Firstphase">
    <skipped/>
  </testcase> <!-- Test13_AI0032_User_Password_Update -->
  <testcase name="Test14_AI0043_Select_Connection" time="0.0" classname="tests.Firstphase">
    <skipped/>
  </testcase> <!-- Test14_AI0043_Select_Connection -->
  <testcase name="Test15_CL0006a_Active_multipleCon_windows" time="0.0" classname="tests.Firstphase">
    <skipped/>
  </testcase> <!-- Test15_CL0006a_Active_multipleCon_windows -->
  <testcase name="Test16_DC0001_Connection_of_SETX" time="0.0" classname="tests.Firstphase">
    <skipped/>
  </testcase> <!-- Test16_DC0001_Connection_of_SETX -->
  <testcase name="Test17_DC0001_Connection_of_PETX" time="0.0" classname="tests.Firstphase">
    <skipped/>
  </testcase> <!-- Test17_DC0001_Connection_of_PETX -->
  <testcase name="Test18_DC0001_Connection_of_ZeroUTx" time="0.0" classname="tests.Firstphase">
    <skipped/>
  </testcase> <!-- Test18_DC0001_Connection_of_ZeroUTx -->
  <testcase name="Test19_SR0005_connection_Termination_After_privateCon" time="0.0" classname="tests.Firstphase">
    <skipped/>
  </testcase> <!-- Test19_SR0005_connection_Termination_After_privateCon -->
  <testcase name="Test20_AI0038_Close_RA_Closes_AllCon" time="0.0" classname="tests.Firstphase">
    <skipped/>
  </testcase> <!-- Test20_AI0038_Close_RA_Closes_AllCon -->
  <testcase name="Test21_AI0048_Launch_Terminate_PopUp_Message" time="0.0" classname="tests.Firstphase">
    <skipped/>
  </testcase> <!-- Test21_AI0048_Launch_Terminate_PopUp_Message -->
  <testcase name="Test22_AI0025a_Password_Charac_Limit" time="0.0" classname="tests.Firstphase">
    <skipped/>
  </testcase> <!-- Test22_AI0025a_Password_Charac_Limit -->
  <testcase name="Test23_AI0025a_AD_Password_Charac_Limit" time="0.0" classname="tests.Firstphase">
    <skipped/>
  </testcase> <!-- Test23_AI0025a_AD_Password_Charac_Limit -->
  <testcase name="Test24_AI0033_Password_alphaNumeric" time="0.0" classname="tests.Firstphase">
    <skipped/>
  </testcase> <!-- Test24_AI0033_Password_alphaNumeric -->
  <testcase name="Test01_DC0002_SE_Extended_Desktop" time="0.0" classname="tests.SecondPhase">
    <skipped/>
  </testcase> <!-- Test01_DC0002_SE_Extended_Desktop -->
  <testcase name="Test01_SR0039_Launch_VM_con_with_ADuser" time="0.0" classname="tests.FourthPhase">
    <skipped/>
  </testcase> <!-- Test01_SR0039_Launch_VM_con_with_ADuser -->
  <testcase name="Test02_AI0052_Wrong_IP_Connection_in_RA" time="0.0" classname="tests.SecondPhase">
    <skipped/>
  </testcase> <!-- Test02_AI0052_Wrong_IP_Connection_in_RA -->
  <testcase name="Test02_AI0073_Mouse_movement_on_multiple_connections" time="0.0" classname="tests.FourthPhase">
    <skipped/>
  </testcase> <!-- Test02_AI0073_Mouse_movement_on_multiple_connections -->
  <testcase name="Test03_SR0013_Connection_active_for_last_user" time="0.0" classname="tests.SecondPhase">
    <skipped/>
  </testcase> <!-- Test03_SR0013_Connection_active_for_last_user -->
  <testcase name="Test03_AI0061_RA_login_with_DemoMode" time="0.0" classname="tests.FourthPhase">
    <skipped/>
  </testcase> <!-- Test03_AI0061_RA_login_with_DemoMode -->
  <testcase name="Test04_AI0050_Double_click_Connection" time="0.0" classname="tests.SecondPhase">
    <skipped/>
  </testcase> <!-- Test04_AI0050_Double_click_Connection -->
  <testcase name="Test04_SR0019_Connection_launch_in_3sec" time="0.0" classname="tests.FourthPhase">
    <skipped/>
  </testcase> <!-- Test04_SR0019_Connection_launch_in_3sec -->
  <testcase name="Test05_FPS_Performance_in_RA_and_RX" time="0.0" classname="tests.SecondPhase">
    <skipped/>
  </testcase> <!-- Test05_FPS_Performance_in_RA_and_RX -->
  <testcase name="Test06_SR0015_Performance_in_Private_and_Shared_Con" time="0.0" classname="tests.SecondPhase">
    <skipped/>
  </testcase> <!-- Test06_SR0015_Performance_in_Private_and_Shared_Con -->
  <testcase name="Test06_CNTL_ALT_END_should_work_for_transmitter" time="0.0" classname="tests.FourthPhase">
    <skipped/>
  </testcase> <!-- Test06_CNTL_ALT_END_should_work_for_transmitter -->
  <testcase name="Test_07_SR0004_Private_Violation" time="0.0" classname="tests.SecondPhase">
    <skipped/>
  </testcase> <!-- Test_07_SR0004_Private_Violation -->
  <testcase name="Test07_LoginRA_by_VIP_of_cluster" time="0.0" classname="tests.FourthPhase">
    <skipped/>
  </testcase> <!-- Test07_LoginRA_by_VIP_of_cluster -->
  <testcase name="Test_08_DC0003_PE_Dual_Extended_Desktop" time="0.0" classname="tests.SecondPhase">
    <skipped/>
  </testcase> <!-- Test_08_DC0003_PE_Dual_Extended_Desktop -->
  <testcase name="Test08_IO0002_4k_optimised_shared_connection_launch" time="0.0" classname="tests.FourthPhase">
    <skipped/>
  </testcase> <!-- Test08_IO0002_4k_optimised_shared_connection_launch -->
  <testcase name="Test09_AI0074_Minimize_connection" time="0.0" classname="tests.SecondPhase">
    <skipped/>
  </testcase> <!-- Test09_AI0074_Minimize_connection -->
  <testcase name="Test09_IO0001_4k_optimised_private_connection_launch" time="0.0" classname="tests.FourthPhase">
    <skipped/>
  </testcase> <!-- Test09_IO0001_4k_optimised_private_connection_launch -->
  <testcase name="Test10_AI0075_Maximize_connection" time="0.0" classname="tests.SecondPhase">
    <skipped/>
  </testcase> <!-- Test10_AI0075_Maximize_connection -->
  <testcase name="Test10_AI0002_Verifying_BlackBox_logo_inRA" time="0.0" classname="tests.FourthPhase">
    <skipped/>
  </testcase> <!-- Test10_AI0002_Verifying_BlackBox_logo_inRA -->
  <testcase name="Test_11_VI0005_CreateVMlaunch_with_Auto" time="0.0" classname="tests.SecondPhase">
    <skipped/>
  </testcase> <!-- Test_11_VI0005_CreateVMlaunch_with_Auto -->
  <testcase name="Test11_CP0001_copy_English_char_from_PC_paste_inConnection" time="0.0" classname="tests.FourthPhase">
    <skipped/>
  </testcase> <!-- Test11_CP0001_copy_English_char_from_PC_paste_inConnection -->
  <testcase name="Test_12_SR0010_Mouse_Movement_For_Second_user" time="0.0" classname="tests.SecondPhase">
    <skipped/>
  </testcase> <!-- Test_12_SR0010_Mouse_Movement_For_Second_user -->
  <testcase name="Test12_CP0005_copy_ASCII_from_PC_paste_inConnection" time="0.0" classname="tests.FourthPhase">
    <skipped/>
  </testcase> <!-- Test12_CP0005_copy_ASCII_from_PC_paste_inConnection -->
  <testcase name="Test13_CL0005_RA_doesnot_support_4K" time="0.0" classname="tests.SecondPhase">
    <skipped/>
  </testcase> <!-- Test13_CL0005_RA_doesnot_support_4K -->
  <testcase name="Test13_CP0001_Data_Notcopied_from_one_connection_to_another" time="0.0" classname="tests.FourthPhase">
    <skipped/>
  </testcase> <!-- Test13_CP0001_Data_Notcopied_from_one_connection_to_another -->
  <testcase name="Test14_SR0001_TX_VM_parallel_connectioninRA" time="0.0" classname="tests.SecondPhase">
    <skipped/>
  </testcase> <!-- Test14_SR0001_TX_VM_parallel_connectioninRA -->
  <testcase name="Test14_CP0006_max_copy_255_Char_from_PC_paste_inConnection" time="0.0" classname="tests.FourthPhase">
    <skipped/>
  </testcase> <!-- Test14_CP0006_max_copy_255_Char_from_PC_paste_inConnection -->
  <testcase name="Test15_CP00013_VM_should_allow_more_than_255_characters" time="0.0" classname="tests.FourthPhase">
    <skipped/>
  </testcase> <!-- Test15_CP00013_VM_should_allow_more_than_255_characters -->
  <testcase name="Test16_AI0052_Connecting_disconnected_TX" time="0.0" classname="tests.SecondPhase">
    <skipped/>
  </testcase> <!-- Test16_AI0052_Connecting_disconnected_TX -->
  <testcase name="Test16_SR0044_CNTL_ALT_DEL_should_work_for_Local_PC" time="0.0" classname="tests.FourthPhase">
    <skipped/>
  </testcase> <!-- Test16_SR0044_CNTL_ALT_DEL_should_work_for_Local_PC -->
  <testcase name="Test17_DC0005_PE_Connection_in_Optimised_mode" time="0.0" classname="tests.SecondPhase">
    <skipped/>
  </testcase> <!-- Test17_DC0005_PE_Connection_in_Optimised_mode -->
  <testcase name="Test17_PE_SH_Performance_Check_FPS_DF_Mbps" time="0.0" classname="tests.FourthPhase">
    <skipped/>
  </testcase> <!-- Test17_PE_SH_Performance_Check_FPS_DF_Mbps -->
  <testcase name="Test18_SE_SH_Performance_Check_FPS_DF_Mbps" time="0.0" classname="tests.FourthPhase">
    <skipped/>
  </testcase> <!-- Test18_SE_SH_Performance_Check_FPS_DF_Mbps -->
  <testcase name="Test19__Statusinfo_of_connection_after_rebooting_Tx" time="0.0" classname="tests.FourthPhase">
    <skipped/>
  </testcase> <!-- Test19__Statusinfo_of_connection_after_rebooting_Tx -->
  <testcase name="Test05_SR0020a_Concurrent_8connections_by_RA" time="0.0" classname="tests.FourthPhase">
    <skipped/>
  </testcase> <!-- Test05_SR0020a_Concurrent_8connections_by_RA -->
  <testcase name="@AfterSuite closeoff" time="0.0" classname="tests.TestBase">
    <ignored/>
  </testcase> <!-- @AfterSuite closeoff -->
  <testcase name="@AfterSuite closeoff" time="0.0" classname="tests.TestBase">
    <ignored/>
  </testcase> <!-- @AfterSuite closeoff -->
  <testcase name="@AfterSuite closeoff" time="0.0" classname="tests.TestBase">
    <ignored/>
  </testcase> <!-- @AfterSuite closeoff -->
  <testcase name="@BeforeSuite login" time="0.0" classname="tests.TestBase">
    <ignored/>
  </testcase> <!-- @BeforeSuite login -->
  <testcase name="@BeforeSuite login" time="0.0" classname="tests.TestBase">
    <ignored/>
  </testcase> <!-- @BeforeSuite login -->
  <testcase name="@BeforeSuite login" time="0.0" classname="tests.TestBase">
    <ignored/>
  </testcase> <!-- @BeforeSuite login -->
</testsuite> <!-- winAppDriverFramework -->
