<?xml version="1.0" encoding="UTF-8"?>
<testsuite name="winAppDriverFramework"
           tests="33"
           failures="0"
           errors="0"
           skipped="33"
           time="0.000">
  <properties />
  
            <testcase name="DeleteConnection" time="0.0" classname="tests.SecondPhase">
          <skipped />
    </testcase>
            <testcase name="DeleteConnection" time="0.0" classname="tests.SecondPhase">
          <skipped />
    </testcase>
            <testcase name="DeleteConnection" time="0.0" classname="tests.SecondPhase">
          <skipped />
    </testcase>
            <testcase name="DeleteConnection" time="0.0" classname="tests.SecondPhase">
          <skipped />
    </testcase>
            <testcase name="DeleteConnection" time="0.0" classname="tests.SecondPhase">
          <skipped />
    </testcase>
            <testcase name="DeleteConnection" time="0.0" classname="tests.SecondPhase">
          <skipped />
    </testcase>
            <testcase name="DeleteConnection" time="0.0" classname="tests.SecondPhase">
          <skipped />
    </testcase>
            <testcase name="DeleteConnection" time="0.0" classname="tests.SecondPhase">
          <skipped />
    </testcase>
            <testcase name="DeleteConnection" time="0.0" classname="tests.SecondPhase">
          <skipped />
    </testcase>
            <testcase name="DeleteConnection" time="0.0" classname="tests.SecondPhase">
          <skipped />
    </testcase>
            <testcase name="DeleteConnection" time="0.0" classname="tests.SecondPhase">
          <skipped />
    </testcase>
            <testcase name="DeleteConnection" time="0.0" classname="tests.SecondPhase">
          <skipped />
    </testcase>
            <testcase name="DeleteConnection" time="0.0" classname="tests.SecondPhase">
          <skipped />
    </testcase>
            <testcase name="DeleteConnection" time="0.0" classname="tests.SecondPhase">
          <skipped />
    </testcase>
            <testcase name="closeoff" time="0.0" classname="tests.SecondPhase">
          <skipped />
    </testcase>
            <testcase name="DeleteConnection" time="0.0" classname="tests.SecondPhase">
          <skipped />
    </testcase>
            <testcase name="DeleteConnection" time="0.0" classname="tests.SecondPhase">
          <skipped />
    </testcase>
            <testcase name="Test14_SR0001_TX_VM_parallel_connectioninRA" time="0.0" classname="tests.SecondPhase">
          <skipped />
    </testcase>
            <testcase name="Test02_AI0052_Wrong_IP_Connection_in_RA" time="0.0" classname="tests.SecondPhase">
          <skipped />
    </testcase>
            <testcase name="Test10_AI0075_Maximize_connection" time="0.0" classname="tests.SecondPhase">
          <skipped />
    </testcase>
            <testcase name="Test06_SR0015_Performance_in_Private_and_Shared_Con" time="0.0" classname="tests.SecondPhase">
          <skipped />
    </testcase>
            <testcase name="Test04_AI0050_Double_click_Connection" time="0.0" classname="tests.SecondPhase">
          <skipped />
    </testcase>
            <testcase name="Test_07_SR0004_Private_Violation" time="0.0" classname="tests.SecondPhase">
          <skipped />
    </testcase>
            <testcase name="Test09_AI0074_Minimize_connection" time="0.0" classname="tests.SecondPhase">
          <skipped />
    </testcase>
            <testcase name="Test05_FPS_Performance_in_RA_and_RX" time="0.0" classname="tests.SecondPhase">
          <skipped />
    </testcase>
            <testcase name="Test_08_DC0003_PE_Dual_Extended_Desktop" time="0.0" classname="tests.SecondPhase">
          <skipped />
    </testcase>
            <testcase name="Test13_CL0005_RA_doesnot_support_4K" time="0.0" classname="tests.SecondPhase">
          <skipped />
    </testcase>
            <testcase name="Test03_SR0013_Connection_active_for_last_user" time="0.0" classname="tests.SecondPhase">
          <skipped />
    </testcase>
            <testcase name="Test17_DC0005_PE_Connection_in_Optimised_mode" time="0.0" classname="tests.SecondPhase">
          <skipped />
    </testcase>
            <testcase name="Test_11_VI0005_CreateVMlaunch_with_Auto" time="0.0" classname="tests.SecondPhase">
          <skipped />
    </testcase>
            <testcase name="Test01_DC0002_SE_Extended_Desktop" time="0.0" classname="tests.SecondPhase">
          <skipped />
    </testcase>
            <testcase name="Test_12_SR0010_Mouse_Movement_For_Second_user" time="0.0" classname="tests.SecondPhase">
          <skipped />
    </testcase>
            <testcase name="Test16_AI0052_Connecting_disconnected_TX" time="0.0" classname="tests.SecondPhase">
          <skipped />
    </testcase>
  
  
</testsuite>
