<?xml version="1.0" encoding="UTF-8"?>
<testsuite name="winAppDriverFramework"
           tests="38"
           failures="0"
           errors="0"
           skipped="38"
           time="0.000">
  <properties />
  
            <testcase name="DeleteConnection" time="0.0" classname="tests.FourthPhase">
          <skipped />
    </testcase>
            <testcase name="DeleteConnection" time="0.0" classname="tests.FourthPhase">
          <skipped />
    </testcase>
            <testcase name="DeleteConnection" time="0.0" classname="tests.FourthPhase">
          <skipped />
    </testcase>
            <testcase name="DeleteConnection" time="0.0" classname="tests.FourthPhase">
          <skipped />
    </testcase>
            <testcase name="DeleteConnection" time="0.0" classname="tests.FourthPhase">
          <skipped />
    </testcase>
            <testcase name="DeleteConnection" time="0.0" classname="tests.FourthPhase">
          <skipped />
    </testcase>
            <testcase name="DeleteConnection" time="0.0" classname="tests.FourthPhase">
          <skipped />
    </testcase>
            <testcase name="DeleteConnection" time="0.0" classname="tests.FourthPhase">
          <skipped />
    </testcase>
            <testcase name="DeleteConnection" time="0.0" classname="tests.FourthPhase">
          <skipped />
    </testcase>
            <testcase name="DeleteConnection" time="0.0" classname="tests.FourthPhase">
          <skipped />
    </testcase>
            <testcase name="DeleteConnection" time="0.0" classname="tests.FourthPhase">
          <skipped />
    </testcase>
            <testcase name="DeleteConnection" time="0.0" classname="tests.FourthPhase">
          <skipped />
    </testcase>
            <testcase name="DeleteConnection" time="0.0" classname="tests.FourthPhase">
          <skipped />
    </testcase>
            <testcase name="DeleteConnection" time="0.0" classname="tests.FourthPhase">
          <skipped />
    </testcase>
            <testcase name="DeleteConnection" time="0.0" classname="tests.FourthPhase">
          <skipped />
    </testcase>
            <testcase name="DeleteConnection" time="0.0" classname="tests.FourthPhase">
          <skipped />
    </testcase>
            <testcase name="DeleteConnection" time="0.0" classname="tests.FourthPhase">
          <skipped />
    </testcase>
            <testcase name="DeleteConnection" time="0.0" classname="tests.FourthPhase">
          <skipped />
    </testcase>
            <testcase name="DeleteConnection" time="0.0" classname="tests.FourthPhase">
          <skipped />
    </testcase>
            <testcase name="Test07_LoginRA_by_VIP_of_cluster" time="0.0" classname="tests.FourthPhase">
          <skipped />
    </testcase>
            <testcase name="Test09_IO0001_4k_optimised_private_connection_launch" time="0.0" classname="tests.FourthPhase">
          <skipped />
    </testcase>
            <testcase name="Test18_SE_SH_Performance_Check_FPS_DF_Mbps" time="0.0" classname="tests.FourthPhase">
          <skipped />
    </testcase>
            <testcase name="Test06_CNTL_ALT_END_should_work_for_transmitter" time="0.0" classname="tests.FourthPhase">
          <skipped />
    </testcase>
            <testcase name="Test14_CP0006_max_copy_255_Char_from_PC_paste_inConnection" time="0.0" classname="tests.FourthPhase">
          <skipped />
    </testcase>
            <testcase name="Test03_AI0061_RA_login_with_DemoMode" time="0.0" classname="tests.FourthPhase">
          <skipped />
    </testcase>
            <testcase name="Test10_AI0002_Verifying_BlackBox_logo_inRA" time="0.0" classname="tests.FourthPhase">
          <skipped />
    </testcase>
            <testcase name="Test15_CP00013_VM_should_allow_more_than_255_characters" time="0.0" classname="tests.FourthPhase">
          <skipped />
    </testcase>
            <testcase name="Test16_SR0044_CNTL_ALT_DEL_should_work_for_Local_PC" time="0.0" classname="tests.FourthPhase">
          <skipped />
    </testcase>
            <testcase name="Test02_AI0073_Mouse_movement_on_multiple_connections" time="0.0" classname="tests.FourthPhase">
          <skipped />
    </testcase>
            <testcase name="Test13_CP0001_Data_Notcopied_from_one_connection_to_another" time="0.0" classname="tests.FourthPhase">
          <skipped />
    </testcase>
            <testcase name="Test19__Statusinfo_of_connection_after_rebooting_Tx" time="0.0" classname="tests.FourthPhase">
          <skipped />
    </testcase>
            <testcase name="Test11_CP0001_copy_English_char_from_PC_paste_inConnection" time="0.0" classname="tests.FourthPhase">
          <skipped />
    </testcase>
            <testcase name="Test12_CP0005_copy_ASCII_from_PC_paste_inConnection" time="0.0" classname="tests.FourthPhase">
          <skipped />
    </testcase>
            <testcase name="Test08_IO0002_4k_optimised_shared_connection_launch" time="0.0" classname="tests.FourthPhase">
          <skipped />
    </testcase>
            <testcase name="Test01_SR0039_Launch_VM_con_with_ADuser" time="0.0" classname="tests.FourthPhase">
          <skipped />
    </testcase>
            <testcase name="Test04_SR0019_Connection_launch_in_3sec" time="0.0" classname="tests.FourthPhase">
          <skipped />
    </testcase>
            <testcase name="Test05_SR0020a_Concurrent_8connections_by_RA" time="0.0" classname="tests.FourthPhase">
          <skipped />
    </testcase>
            <testcase name="Test17_PE_SH_Performance_Check_FPS_DF_Mbps" time="0.0" classname="tests.FourthPhase">
          <skipped />
    </testcase>
  
  
</testsuite>
