# JRE version: Java(TM) SE Runtime Environment (8.0_301-b09) (build 1.8.0_301-b09)
# Java VM: Java HotSpot(TM) 64-Bit Server VM (25.301-b09 mixed mode windows-amd64 compressed oops)
Heap:
 PSYoungGen      total 133120K, used 25934K [0x000000078ab00000, 0x0000000793800000, 0x00000007c0000000)
  eden space 122880K, 21% used [0x000000078ab00000,0x000000078c453a28,0x0000000792300000)
  from space 10240K, 0% used [0x0000000792e00000,0x0000000792e00000,0x0000000793800000)
  to   space 10752K, 0% used [0x0000000792300000,0x0000000792300000,0x0000000792d80000)
 ParOldGen       total 68096K, used 18674K [0x0000000720000000, 0x0000000724280000, 0x000000078ab00000)
  object space 68096K, 27% used [0x0000000720000000,0x000000072123cac0,0x0000000724280000)
 Metaspace       used 34311K, capacity 36240K, committed 36480K, reserved 1081344K
  class space    used 4397K, capacity 4942K, committed 4992K, reserved 1048576K
GC Heap History (10 events):
Event: 47.604 GC heap before
{Heap before GC invocations=8 (full 1):
 PSYoungGen      total 49152K, used 45342K [0x000000078ab00000, 0x000000078e600000, 0x00000007c0000000)
  eden space 39936K, 100% used [0x000000078ab00000,0x000000078d200000,0x000000078d200000)
  from space 9216K, 58% used [0x000000078dd00000,0x000000078e2479c0,0x000000078e600000)
  to   space 10240K, 0% used [0x000000078d200000,0x000000078d200000,0x000000078dc00000)
 ParOldGen       total 51712K, used 8209K [0x0000000720000000, 0x0000000723280000, 0x000000078ab00000)
  object space 51712K, 15% used [0x0000000720000000,0x00000007208045c0,0x0000000723280000)
 Metaspace       used 28424K, capacity 29856K, committed 30080K, reserved 1075200K
  class space    used 3507K, capacity 3874K, committed 3968K, reserved 1048576K
Event: 47.614 GC heap after
Heap after GC invocations=8 (full 1):
 PSYoungGen      total 50176K, used 6425K [0x000000078ab00000, 0x0000000790a80000, 0x00000007c0000000)
  eden space 39936K, 0% used [0x000000078ab00000,0x000000078ab00000,0x000000078d200000)
  from space 10240K, 62% used [0x000000078d200000,0x000000078d846658,0x000000078dc00000)
  to   space 9728K, 0% used [0x0000000790100000,0x0000000790100000,0x0000000790a80000)
 ParOldGen       total 51712K, used 8217K [0x0000000720000000, 0x0000000723280000, 0x000000078ab00000)
  object space 51712K, 15% used [0x0000000720000000,0x00000007208065c0,0x0000000723280000)
 Metaspace       used 28424K, capacity 29856K, committed 30080K, reserved 1075200K
  class space    used 3507K, capacity 3874K, committed 3968K, reserved 1048576K
}
Event: 47.861 GC heap before
{Heap before GC invocations=9 (full 1):
 PSYoungGen      total 50176K, used 46361K [0x000000078ab00000, 0x0000000790a80000, 0x00000007c0000000)
  eden space 39936K, 100% used [0x000000078ab00000,0x000000078d200000,0x000000078d200000)
  from space 10240K, 62% used [0x000000078d200000,0x000000078d846658,0x000000078dc00000)
  to   space 9728K, 0% used [0x0000000790100000,0x0000000790100000,0x0000000790a80000)
 ParOldGen       total 51712K, used 8217K [0x0000000720000000, 0x0000000723280000, 0x000000078ab00000)
  object space 51712K, 15% used [0x0000000720000000,0x00000007208065c0,0x0000000723280000)
 Metaspace       used 29036K, capacity 30608K, committed 30720K, reserved 1075200K
  class space    used 3655K, capacity 4065K, committed 4096K, reserved 1048576K
Event: 47.871 GC heap after
Heap after GC invocations=9 (full 1):
 PSYoungGen      total 87552K, used 7392K [0x000000078ab00000, 0x0000000790c00000, 0x00000007c0000000)
  eden space 77824K, 0% used [0x000000078ab00000,0x000000078ab00000,0x000000078f700000)
  from space 9728K, 75% used [0x0000000790100000,0x0000000790838020,0x0000000790a80000)
  to   space 10240K, 0% used [0x000000078f700000,0x000000078f700000,0x0000000790100000)
 ParOldGen       total 51712K, used 8934K [0x0000000720000000, 0x0000000723280000, 0x000000078ab00000)
  object space 51712K, 17% used [0x0000000720000000,0x00000007208b9ad8,0x0000000723280000)
 Metaspace       used 29036K, capacity 30608K, committed 30720K, reserved 1075200K
  class space    used 3655K, capacity 4065K, committed 4096K, reserved 1048576K
}
Event: 70.889 GC heap before
{Heap before GC invocations=10 (full 1):
 PSYoungGen      total 87552K, used 85216K [0x000000078ab00000, 0x0000000790c00000, 0x00000007c0000000)
  eden space 77824K, 100% used [0x000000078ab00000,0x000000078f700000,0x000000078f700000)
  from space 9728K, 75% used [0x0000000790100000,0x0000000790838020,0x0000000790a80000)
  to   space 10240K, 0% used [0x000000078f700000,0x000000078f700000,0x0000000790100000)
 ParOldGen       total 51712K, used 8934K [0x0000000720000000, 0x0000000723280000, 0x000000078ab00000)
  object space 51712K, 17% used [0x0000000720000000,0x00000007208b9ad8,0x0000000723280000)
 Metaspace       used 33307K, capacity 35134K, committed 35328K, reserved 1079296K
  class space    used 4305K, capacity 4841K, committed 4864K, reserved 1048576K
Event: 70.905 GC heap after
Heap after GC invocations=10 (full 1):
 PSYoungGen      total 88064K, used 8913K [0x000000078ab00000, 0x0000000793880000, 0x00000007c0000000)
  eden space 77824K, 0% used [0x000000078ab00000,0x000000078ab00000,0x000000078f700000)
  from space 10240K, 87% used [0x000000078f700000,0x000000078ffb4758,0x0000000790100000)
  to   space 10752K, 0% used [0x0000000792e00000,0x0000000792e00000,0x0000000793880000)
 ParOldGen       total 51712K, used 13006K [0x0000000720000000, 0x0000000723280000, 0x000000078ab00000)
  object space 51712K, 25% used [0x0000000720000000,0x0000000720cb38f8,0x0000000723280000)
 Metaspace       used 33307K, capacity 35134K, committed 35328K, reserved 1079296K
  class space    used 4305K, capacity 4841K, committed 4864K, reserved 1048576K
}
Event: 82.333 GC heap before
{Heap before GC invocations=11 (full 1):
 PSYoungGen      total 88064K, used 25283K [0x000000078ab00000, 0x0000000793880000, 0x00000007c0000000)
  eden space 77824K, 21% used [0x000000078ab00000,0x000000078bafc858,0x000000078f700000)
  from space 10240K, 87% used [0x000000078f700000,0x000000078ffb4758,0x0000000790100000)
  to   space 10752K, 0% used [0x0000000792e00000,0x0000000792e00000,0x0000000793880000)
 ParOldGen       total 51712K, used 13006K [0x0000000720000000, 0x0000000723280000, 0x000000078ab00000)
  object space 51712K, 25% used [0x0000000720000000,0x0000000720cb38f8,0x0000000723280000)
 Metaspace       used 33503K, capacity 35342K, committed 35416K, reserved 1079296K
  class space    used 4309K, capacity 4841K, committed 4864K, reserved 1048576K
Event: 82.339 GC heap after
Heap after GC invocations=11 (full 1):
 PSYoungGen      total 133120K, used 4374K [0x000000078ab00000, 0x0000000793800000, 0x00000007c0000000)
  eden space 122880K, 0% used [0x000000078ab00000,0x000000078ab00000,0x0000000792300000)
  from space 10240K, 42% used [0x0000000792e00000,0x0000000793245800,0x0000000793800000)
  to   space 10752K, 0% used [0x0000000792300000,0x0000000792300000,0x0000000792d80000)
 ParOldGen       total 51712K, used 16078K [0x0000000720000000, 0x0000000723280000, 0x000000078ab00000)
  object space 51712K, 31% used [0x0000000720000000,0x0000000720fb3918,0x0000000723280000)
 Metaspace       used 33503K, capacity 35342K, committed 35416K, reserved 1079296K
  class space    used 4309K, capacity 4841K, committed 4864K, reserved 1048576K
}
Event: 82.339 GC heap before
{Heap before GC invocations=12 (full 2):
 PSYoungGen      total 133120K, used 4374K [0x000000078ab00000, 0x0000000793800000, 0x00000007c0000000)
  eden space 122880K, 0% used [0x000000078ab00000,0x000000078ab00000,0x0000000792300000)
  from space 10240K, 42% used [0x0000000792e00000,0x0000000793245800,0x0000000793800000)
  to   space 10752K, 0% used [0x0000000792300000,0x0000000792300000,0x0000000792d80000)
 ParOldGen       total 51712K, used 16078K [0x0000000720000000, 0x0000000723280000, 0x000000078ab00000)
  object space 51712K, 31% used [0x0000000720000000,0x0000000720fb3918,0x0000000723280000)
 Metaspace       used 33503K, capacity 35342K, committed 35416K, reserved 1079296K
  class space    used 4309K, capacity 4841K, committed 4864K, reserved 1048576K
Event: 82.421 GC heap after
Heap after GC invocations=12 (full 2):
 PSYoungGen      total 133120K, used 0K [0x000000078ab00000, 0x0000000793800000, 0x00000007c0000000)
  eden space 122880K, 0% used [0x000000078ab00000,0x000000078ab00000,0x0000000792300000)
  from space 10240K, 0% used [0x0000000792e00000,0x0000000792e00000,0x0000000793800000)
  to   space 10752K, 0% used [0x0000000792300000,0x0000000792300000,0x0000000792d80000)
 ParOldGen       total 68096K, used 18674K [0x0000000720000000, 0x0000000724280000, 0x000000078ab00000)
  object space 68096K, 27% used [0x0000000720000000,0x000000072123cac0,0x0000000724280000)
 Metaspace       used 33503K, capacity 35342K, committed 35416K, reserved 1079296K
  class space    used 4309K, capacity 4841K, committed 4864K, reserved 1048576K
}

