# JRE version: Java(TM) SE Runtime Environment (8.0_301-b09) (build 1.8.0_301-b09)
# Java VM: Java HotSpot(TM) 64-Bit Server VM (25.301-b09 mixed mode windows-amd64 compressed oops)
Heap:
 PSYoungGen      total 119296K, used 20886K [0x000000078ab00000, 0x0000000793500000, 0x00000007c0000000)
  eden space 118784K, 17% used [0x000000078ab00000,0x000000078bf65aa0,0x0000000791f00000)
  from space 512K, 0% used [0x0000000792380000,0x0000000792380000,0x0000000792400000)
  to   space 11264K, 0% used [0x0000000792a00000,0x0000000792a00000,0x0000000793500000)
 ParOldGen       total 70144K, used 18813K [0x0000000720000000, 0x0000000724480000, 0x000000078ab00000)
  object space 70144K, 26% used [0x0000000720000000,0x000000072125f6a8,0x0000000724480000)
 Metaspace       used 34493K, capacity 36348K, committed 36480K, reserved 1081344K
  class space    used 4328K, capacity 4872K, committed 4992K, reserved 1048576K
GC Heap History (10 events):
Event: 57.917 GC heap before
{Heap before GC invocations=9 (full 1):
 PSYoungGen      total 50176K, used 46316K [0x000000078ab00000, 0x0000000790b00000, 0x00000007c0000000)
  eden space 39936K, 100% used [0x000000078ab00000,0x000000078d200000,0x000000078d200000)
  from space 10240K, 62% used [0x000000078d200000,0x000000078d83b1e0,0x000000078dc00000)
  to   space 9728K, 0% used [0x0000000790180000,0x0000000790180000,0x0000000790b00000)
 ParOldGen       total 52224K, used 8304K [0x0000000720000000, 0x0000000723300000, 0x000000078ab00000)
  object space 52224K, 15% used [0x0000000720000000,0x000000072081c0c0,0x0000000723300000)
 Metaspace       used 29056K, capacity 30602K, committed 30720K, reserved 1075200K
  class space    used 3654K, capacity 4064K, committed 4096K, reserved 1048576K
Event: 57.926 GC heap after
Heap after GC invocations=9 (full 1):
 PSYoungGen      total 88064K, used 7424K [0x000000078ab00000, 0x0000000790c00000, 0x00000007c0000000)
  eden space 78336K, 0% used [0x000000078ab00000,0x000000078ab00000,0x000000078f780000)
  from space 9728K, 76% used [0x0000000790180000,0x00000007908c0020,0x0000000790b00000)
  to   space 10240K, 0% used [0x000000078f780000,0x000000078f780000,0x0000000790180000)
 ParOldGen       total 52224K, used 8949K [0x0000000720000000, 0x0000000723300000, 0x000000078ab00000)
  object space 52224K, 17% used [0x0000000720000000,0x00000007208bd5c8,0x0000000723300000)
 Metaspace       used 29056K, capacity 30602K, committed 30720K, reserved 1075200K
  class space    used 3654K, capacity 4064K, committed 4096K, reserved 1048576K
}
Event: 81.620 GC heap before
{Heap before GC invocations=10 (full 1):
 PSYoungGen      total 88064K, used 85760K [0x000000078ab00000, 0x0000000790c00000, 0x00000007c0000000)
  eden space 78336K, 100% used [0x000000078ab00000,0x000000078f780000,0x000000078f780000)
  from space 9728K, 76% used [0x0000000790180000,0x00000007908c0020,0x0000000790b00000)
  to   space 10240K, 0% used [0x000000078f780000,0x000000078f780000,0x0000000790180000)
 ParOldGen       total 52224K, used 8949K [0x0000000720000000, 0x0000000723300000, 0x000000078ab00000)
  object space 52224K, 17% used [0x0000000720000000,0x00000007208bd5c8,0x0000000723300000)
 Metaspace       used 33291K, capacity 35128K, committed 35328K, reserved 1079296K
  class space    used 4305K, capacity 4840K, committed 4864K, reserved 1048576K
Event: 81.636 GC heap after
Heap after GC invocations=10 (full 1):
 PSYoungGen      total 88576K, used 8919K [0x000000078ab00000, 0x0000000793900000, 0x00000007c0000000)
  eden space 78336K, 0% used [0x000000078ab00000,0x000000078ab00000,0x000000078f780000)
  from space 10240K, 87% used [0x000000078f780000,0x0000000790035cf0,0x0000000790180000)
  to   space 10752K, 0% used [0x0000000792e80000,0x0000000792e80000,0x0000000793900000)
 ParOldGen       total 52224K, used 13030K [0x0000000720000000, 0x0000000723300000, 0x000000078ab00000)
  object space 52224K, 24% used [0x0000000720000000,0x0000000720cb9be8,0x0000000723300000)
 Metaspace       used 33291K, capacity 35128K, committed 35328K, reserved 1079296K
  class space    used 4305K, capacity 4840K, committed 4864K, reserved 1048576K
}
Event: 90.954 GC heap before
{Heap before GC invocations=11 (full 1):
 PSYoungGen      total 88576K, used 87255K [0x000000078ab00000, 0x0000000793900000, 0x00000007c0000000)
  eden space 78336K, 100% used [0x000000078ab00000,0x000000078f780000,0x000000078f780000)
  from space 10240K, 87% used [0x000000078f780000,0x0000000790035cf0,0x0000000790180000)
  to   space 10752K, 0% used [0x0000000792e80000,0x0000000792e80000,0x0000000793900000)
 ParOldGen       total 52224K, used 13030K [0x0000000720000000, 0x0000000723300000, 0x000000078ab00000)
  object space 52224K, 24% used [0x0000000720000000,0x0000000720cb9be8,0x0000000723300000)
 Metaspace       used 33442K, capacity 35332K, committed 35416K, reserved 1079296K
  class space    used 4307K, capacity 4840K, committed 4864K, reserved 1048576K
Event: 90.961 GC heap after
Heap after GC invocations=11 (full 1):
 PSYoungGen      total 133632K, used 4954K [0x000000078ab00000, 0x0000000793880000, 0x00000007c0000000)
  eden space 123392K, 0% used [0x000000078ab00000,0x000000078ab00000,0x0000000792380000)
  from space 10240K, 48% used [0x0000000792e80000,0x0000000793356b10,0x0000000793880000)
  to   space 10752K, 0% used [0x0000000792380000,0x0000000792380000,0x0000000792e00000)
 ParOldGen       total 52224K, used 16095K [0x0000000720000000, 0x0000000723300000, 0x000000078ab00000)
  object space 52224K, 30% used [0x0000000720000000,0x0000000720fb7c08,0x0000000723300000)
 Metaspace       used 33442K, capacity 35332K, committed 35416K, reserved 1079296K
  class space    used 4307K, capacity 4840K, committed 4864K, reserved 1048576K
}
Event: 93.942 GC heap before
{Heap before GC invocations=12 (full 1):
 PSYoungGen      total 133632K, used 32399K [0x000000078ab00000, 0x0000000793880000, 0x00000007c0000000)
  eden space 123392K, 22% used [0x000000078ab00000,0x000000078c5cd300,0x0000000792380000)
  from space 10240K, 48% used [0x0000000792e80000,0x0000000793356b10,0x0000000793880000)
  to   space 10752K, 0% used [0x0000000792380000,0x0000000792380000,0x0000000792e00000)
 ParOldGen       total 52224K, used 16095K [0x0000000720000000, 0x0000000723300000, 0x000000078ab00000)
  object space 52224K, 30% used [0x0000000720000000,0x0000000720fb7c08,0x0000000723300000)
 Metaspace       used 33506K, capacity 35344K, committed 35416K, reserved 1079296K
  class space    used 4307K, capacity 4840K, committed 4864K, reserved 1048576K
Event: 93.948 GC heap after
Heap after GC invocations=12 (full 1):
 PSYoungGen      total 119296K, used 417K [0x000000078ab00000, 0x0000000793500000, 0x00000007c0000000)
  eden space 118784K, 0% used [0x000000078ab00000,0x000000078ab00000,0x0000000791f00000)
  from space 512K, 81% used [0x0000000792380000,0x00000007923e87a0,0x0000000792400000)
  to   space 11264K, 0% used [0x0000000792a00000,0x0000000792a00000,0x0000000793500000)
 ParOldGen       total 52224K, used 20251K [0x0000000720000000, 0x0000000723300000, 0x000000078ab00000)
  object space 52224K, 38% used [0x0000000720000000,0x00000007213c6cc8,0x0000000723300000)
 Metaspace       used 33506K, capacity 35344K, committed 35416K, reserved 1079296K
  class space    used 4307K, capacity 4840K, committed 4864K, reserved 1048576K
}
Event: 93.948 GC heap before
{Heap before GC invocations=13 (full 2):
 PSYoungGen      total 119296K, used 417K [0x000000078ab00000, 0x0000000793500000, 0x00000007c0000000)
  eden space 118784K, 0% used [0x000000078ab00000,0x000000078ab00000,0x0000000791f00000)
  from space 512K, 81% used [0x0000000792380000,0x00000007923e87a0,0x0000000792400000)
  to   space 11264K, 0% used [0x0000000792a00000,0x0000000792a00000,0x0000000793500000)
 ParOldGen       total 52224K, used 20251K [0x0000000720000000, 0x0000000723300000, 0x000000078ab00000)
  object space 52224K, 38% used [0x0000000720000000,0x00000007213c6cc8,0x0000000723300000)
 Metaspace       used 33506K, capacity 35344K, committed 35416K, reserved 1079296K
  class space    used 4307K, capacity 4840K, committed 4864K, reserved 1048576K
Event: 94.029 GC heap after
Heap after GC invocations=13 (full 2):
 PSYoungGen      total 119296K, used 0K [0x000000078ab00000, 0x0000000793500000, 0x00000007c0000000)
  eden space 118784K, 0% used [0x000000078ab00000,0x000000078ab00000,0x0000000791f00000)
  from space 512K, 0% used [0x0000000792380000,0x0000000792380000,0x0000000792400000)
  to   space 11264K, 0% used [0x0000000792a00000,0x0000000792a00000,0x0000000793500000)
 ParOldGen       total 70144K, used 18813K [0x0000000720000000, 0x0000000724480000, 0x000000078ab00000)
  object space 70144K, 26% used [0x0000000720000000,0x000000072125f6a8,0x0000000724480000)
 Metaspace       used 33506K, capacity 35344K, committed 35416K, reserved 1079296K
  class space    used 4307K, capacity 4840K, committed 4864K, reserved 1048576K
}

